[05Feb2022 13:44:07.372] [Netty Epoll Server IO #7/INFO] [codechicken.lib.config.ConfigSyncManager/]: Skipping config sync, No mods have registered a syncable config.
[05Feb2022 13:44:09.616] [Server thread/INFO] [net.minecraftforge.common.AdvancementLoadFix/]: Using new advancement loading for net.minecraft.advancements.PlayerAdvancements@34406618
[05Feb2022 13:44:09.632] [Server thread/INFO] [net.minecraft.server.management.PlayerList/]: LLlu3uK[/5.166.214.142:58172] logged in with entity id 80293 at (-224.02069363079443, 67.0, -4.941848722637016)
[05Feb2022 13:44:09.635] [Server thread/INFO] [net.minecraft.server.dedicated.DedicatedServer/]: LLlu3uK joined the game
[05Feb2022 13:44:09.728] [Netty Epoll Server IO #7/ERROR] [net.minecraft.command.arguments.ArgumentTypes/]: Could not serialize forestry.core.commands.CommandModules$CommandPluginsInfo$ModuleArgument@1e094a77 (class forestry.core.commands.CommandModules$CommandPluginsInfo$ModuleArgument) - will not be sent to client!
[05Feb2022 13:48:37.548] [Server thread/WARN] [net.minecraft.server.management.PlayerInteractionManager/]: Mismatch in destroy block pos: BlockPos{x=-246, y=7, z=15} BlockPos{x=-248, y=7, z=14}
[05Feb2022 13:48:37.609] [Server thread/WARN] [net.minecraft.server.management.PlayerInteractionManager/]: Mismatch in destroy block pos: BlockPos{x=-246, y=7, z=15} BlockPos{x=-248, y=7, z=14}
[05Feb2022 13:48:37.648] [Server thread/WARN] [net.minecraft.server.management.PlayerInteractionManager/]: Mismatch in destroy block pos: BlockPos{x=-246, y=7, z=15} BlockPos{x=-248, y=7, z=14}
[05Feb2022 13:48:37.699] [Server thread/WARN] [net.minecraft.server.management.PlayerInteractionManager/]: Mismatch in destroy block pos: BlockPos{x=-246, y=7, z=15} BlockPos{x=-248, y=7, z=14}
[05Feb2022 13:48:37.748] [Server thread/WARN] [net.minecraft.server.management.PlayerInteractionManager/]: Mismatch in destroy block pos: BlockPos{x=-246, y=7, z=15} BlockPos{x=-248, y=7, z=14}
[05Feb2022 14:45:29.457] [Server thread/INFO] [net.minecraft.network.play.ServerPlayNetHandler/]: LLlu3uK lost connection: Disconnected
[05Feb2022 14:45:29.457] [Server thread/INFO] [net.minecraft.server.dedicated.DedicatedServer/]: LLlu3uK left the game
[05Feb2022 14:45:33.447] [Netty Epoll Server IO #2/INFO] [codechicken.lib.config.ConfigSyncManager/]: Skipping config sync, No mods have registered a syncable config.
[05Feb2022 14:45:35.666] [Server thread/INFO] [net.minecraftforge.common.AdvancementLoadFix/]: Using new advancement loading for net.minecraft.advancements.PlayerAdvancements@14de1bd3
[05Feb2022 14:45:35.681] [Server thread/INFO] [net.minecraft.server.management.PlayerList/]: LLlu3uK[/5.166.214.142:64335] logged in with entity id 89847 at (-221.49319389200608, 67.0, -12.625977651432187)
[05Feb2022 14:45:35.684] [Server thread/INFO] [net.minecraft.server.dedicated.DedicatedServer/]: LLlu3uK joined the game
[05Feb2022 14:45:35.818] [Netty Epoll Server IO #2/ERROR] [net.minecraft.command.arguments.ArgumentTypes/]: Could not serialize forestry.core.commands.CommandModules$CommandPluginsInfo$ModuleArgument@1e094a77 (class forestry.core.commands.CommandModules$CommandPluginsInfo$ModuleArgument) - will not be sent to client!
[05Feb2022 14:47:56.707] [Server thread/INFO] [net.minecraft.network.play.ServerPlayNetHandler/]: LLlu3uK lost connection: Disconnected
[05Feb2022 14:47:56.707] [Server thread/INFO] [net.minecraft.server.dedicated.DedicatedServer/]: LLlu3uK left the game
[05Feb2022 15:19:34.856] [Netty Epoll Server IO #1/ERROR] [net.minecraftforge.fml.network.NetworkRegistry/NETREGISTRY]: Channels [forestry:channel,immersiveengineering:main,mekanismgenerators:mekanismgenerators,zerocore:network,mekanism:mekanism,patchouli:main,bigreactors:network,ironchest:network] rejected vanilla connections
[05Feb2022 15:19:34.857] [Netty Epoll Server IO #1/INFO] [net.minecraftforge.fml.server.ServerLifecycleHooks/SERVERHOOKS]: Disconnecting VANILLA connection attempt: This server has mods that require Forge to be installed on the client. Contact your server admin for more details.
[05Feb2022 17:24:09.644] [Netty Epoll Server IO #6/INFO] [codechicken.lib.config.ConfigSyncManager/]: Skipping config sync, No mods have registered a syncable config.
[05Feb2022 17:24:11.916] [Server thread/INFO] [net.minecraftforge.common.AdvancementLoadFix/]: Using new advancement loading for net.minecraft.advancements.PlayerAdvancements@38d88206
[05Feb2022 17:24:11.932] [Server thread/INFO] [net.minecraft.server.management.PlayerList/]: hardw3q[/5.3.212.116:58014] logged in with entity id 90397 at (-222.84512663026905, 66.0, 6.672031171468777)
[05Feb2022 17:24:11.939] [Server thread/INFO] [net.minecraft.server.dedicated.DedicatedServer/]: hardw3q joined the game
[05Feb2022 17:24:12.030] [Netty Epoll Server IO #6/ERROR] [net.minecraft.command.arguments.ArgumentTypes/]: Could not serialize forestry.apiculture.commands.CommandBeeGive$BeeArgument@5338ab0b (class forestry.apiculture.commands.CommandBeeGive$BeeArgument) - will not be sent to client!
[05Feb2022 17:24:12.030] [Netty Epoll Server IO #6/ERROR] [net.minecraft.command.arguments.ArgumentTypes/]: Could not serialize forestry.core.commands.CommandModules$CommandPluginsInfo$ModuleArgument@1e094a77 (class forestry.core.commands.CommandModules$CommandPluginsInfo$ModuleArgument) - will not be sent to client!
[05Feb2022 17:24:12.030] [Netty Epoll Server IO #6/ERROR] [net.minecraft.command.arguments.ArgumentTypes/]: Could not serialize forestry.arboriculture.commands.CommandTreeSpawn$TreeArugment@2bf31049 (class forestry.arboriculture.commands.CommandTreeSpawn$TreeArugment) - will not be sent to client!
[05Feb2022 17:24:12.031] [Netty Epoll Server IO #6/ERROR] [net.minecraft.command.arguments.ArgumentTypes/]: Could not serialize forestry.arboriculture.commands.CommandTreeSpawn$TreeArugment@526a4c90 (class forestry.arboriculture.commands.CommandTreeSpawn$TreeArugment) - will not be sent to client!
[05Feb2022 17:29:07.014] [Server thread/INFO] [net.minecraft.server.dedicated.DedicatedServer/]: [hardw3q: Set the weather to clear]
[05Feb2022 17:32:49.470] [Server thread/INFO] [net.minecraft.server.dedicated.DedicatedServer/]: [hardw3q: The difficulty has been set to Peaceful]
[05Feb2022 17:55:34.555] [Server thread/INFO] [net.minecraft.server.dedicated.DedicatedServer/]: [hardw3q: The difficulty has been set to Easy]
[05Feb2022 18:37:06.105] [Netty Epoll Server IO #5/INFO] [codechicken.lib.config.ConfigSyncManager/]: Skipping config sync, No mods have registered a syncable config.
[05Feb2022 18:37:09.470] [Server thread/INFO] [net.minecraftforge.common.AdvancementLoadFix/]: Using new advancement loading for net.minecraft.advancements.PlayerAdvancements@44f2afc
[05Feb2022 18:37:09.485] [Server thread/INFO] [net.minecraft.server.management.PlayerList/]: Leksa2022[/89.109.46.218:9002] logged in with entity id 107935 at (-1239.5551239698498, 77.0, -189.26541783371823)
[05Feb2022 18:37:09.490] [Server thread/INFO] [net.minecraft.server.dedicated.DedicatedServer/]: Leksa2022 joined the game
[05Feb2022 18:37:09.586] [Netty Epoll Server IO #5/ERROR] [net.minecraft.command.arguments.ArgumentTypes/]: Could not serialize forestry.core.commands.CommandModules$CommandPluginsInfo$ModuleArgument@1e094a77 (class forestry.core.commands.CommandModules$CommandPluginsInfo$ModuleArgument) - will not be sent to client!
[05Feb2022 18:38:31.963] [Server thread/INFO] [net.minecraft.network.play.ServerPlayNetHandler/]: Leksa2022 lost connection: Disconnected
[05Feb2022 18:38:31.963] [Server thread/INFO] [net.minecraft.server.dedicated.DedicatedServer/]: Leksa2022 left the game
[05Feb2022 18:39:25.967] [Netty Epoll Server IO #6/INFO] [codechicken.lib.config.ConfigSyncManager/]: Skipping config sync, No mods have registered a syncable config.
[05Feb2022 18:39:29.218] [Server thread/INFO] [net.minecraftforge.common.AdvancementLoadFix/]: Using new advancement loading for net.minecraft.advancements.PlayerAdvancements@6e7b63bd
[05Feb2022 18:39:29.230] [Server thread/INFO] [net.minecraft.server.management.PlayerList/]: Leksa2022[/89.109.46.218:9023] logged in with entity id 108754 at (-1238.1689610930475, 75.0, -191.54807355341956)
[05Feb2022 18:39:29.233] [Server thread/INFO] [net.minecraft.server.dedicated.DedicatedServer/]: Leksa2022 joined the game
[05Feb2022 18:39:29.337] [Netty Epoll Server IO #6/ERROR] [net.minecraft.command.arguments.ArgumentTypes/]: Could not serialize forestry.core.commands.CommandModules$CommandPluginsInfo$ModuleArgument@1e094a77 (class forestry.core.commands.CommandModules$CommandPluginsInfo$ModuleArgument) - will not be sent to client!
[05Feb2022 18:42:06.983] [Netty Epoll Server IO #0/INFO] [codechicken.lib.config.ConfigSyncManager/]: Skipping config sync, No mods have registered a syncable config.
[05Feb2022 18:42:09.567] [Server thread/INFO] [net.minecraftforge.common.AdvancementLoadFix/]: Using new advancement loading for net.minecraft.advancements.PlayerAdvancements@2a7a5c66
[05Feb2022 18:42:09.575] [Server thread/INFO] [net.minecraft.server.management.PlayerList/]: antoniellocringe[/5.227.29.110:50288] logged in with entity id 109849 at (-340.7131107435223, 63.5, -53.392686364567524)
[05Feb2022 18:42:09.577] [Server thread/INFO] [net.minecraft.server.dedicated.DedicatedServer/]: antoniellocringe joined the game
[05Feb2022 18:42:09.669] [Netty Epoll Server IO #0/ERROR] [net.minecraft.command.arguments.ArgumentTypes/]: Could not serialize forestry.core.commands.CommandModules$CommandPluginsInfo$ModuleArgument@1e094a77 (class forestry.core.commands.CommandModules$CommandPluginsInfo$ModuleArgument) - will not be sent to client!
[05Feb2022 18:43:09.469] [Server thread/INFO] [net.minecraft.network.play.ServerPlayNetHandler/]: antoniellocringe lost connection: Disconnected
[05Feb2022 18:43:09.470] [Server thread/INFO] [net.minecraft.server.dedicated.DedicatedServer/]: antoniellocringe left the game
[05Feb2022 18:44:47.777] [Netty Epoll Server IO #5/INFO] [codechicken.lib.config.ConfigSyncManager/]: Skipping config sync, No mods have registered a syncable config.
[05Feb2022 18:44:50.379] [Server thread/INFO] [net.minecraftforge.common.AdvancementLoadFix/]: Using new advancement loading for net.minecraft.advancements.PlayerAdvancements@729b965f
[05Feb2022 18:44:50.388] [Server thread/INFO] [net.minecraft.server.management.PlayerList/]: antoniellocringe[/5.227.29.110:50358] logged in with entity id 110937 at (-238.9082569267452, 68.24918707874468, 2.509297325220879)
[05Feb2022 18:44:50.391] [Server thread/INFO] [net.minecraft.server.dedicated.DedicatedServer/]: antoniellocringe joined the game
[05Feb2022 18:44:50.488] [Netty Epoll Server IO #5/ERROR] [net.minecraft.command.arguments.ArgumentTypes/]: Could not serialize forestry.core.commands.CommandModules$CommandPluginsInfo$ModuleArgument@1e094a77 (class forestry.core.commands.CommandModules$CommandPluginsInfo$ModuleArgument) - will not be sent to client!
[05Feb2022 18:45:03.369] [Server thread/INFO] [net.minecraft.network.play.ServerPlayNetHandler/]: antoniellocringe lost connection: Disconnected
[05Feb2022 18:45:03.369] [Server thread/INFO] [net.minecraft.server.dedicated.DedicatedServer/]: antoniellocringe left the game
[05Feb2022 18:45:23.170] [Server thread/INFO] [net.minecraft.server.dedicated.DedicatedServer/]: Leksa2022 has made the advancement [Into Fire]
[05Feb2022 18:45:39.222] [Server thread/INFO] [net.minecraft.server.dedicated.DedicatedServer/]: Leksa2022 has made the advancement [A Terrible Fortress]
[05Feb2022 18:47:34.770] [Netty Epoll Server IO #0/INFO] [codechicken.lib.config.ConfigSyncManager/]: Skipping config sync, No mods have registered a syncable config.
[05Feb2022 18:47:37.348] [Server thread/INFO] [net.minecraftforge.common.AdvancementLoadFix/]: Using new advancement loading for net.minecraft.advancements.PlayerAdvancements@682d1d4c
[05Feb2022 18:47:37.356] [Server thread/INFO] [net.minecraft.server.management.PlayerList/]: antoniellocringe[/5.227.29.110:50297] logged in with entity id 112037 at (-238.9082569267452, 68.24918707874468, 2.509297325220879)
[05Feb2022 18:47:37.366] [Server thread/INFO] [net.minecraft.server.dedicated.DedicatedServer/]: antoniellocringe joined the game
[05Feb2022 18:47:37.513] [Netty Epoll Server IO #0/ERROR] [net.minecraft.command.arguments.ArgumentTypes/]: Could not serialize forestry.core.commands.CommandModules$CommandPluginsInfo$ModuleArgument@1e094a77 (class forestry.core.commands.CommandModules$CommandPluginsInfo$ModuleArgument) - will not be sent to client!
[05Feb2022 18:47:49.163] [Server thread/INFO] [net.minecraft.network.play.ServerPlayNetHandler/]: antoniellocringe lost connection: Disconnected
[05Feb2022 18:47:49.164] [Server thread/INFO] [net.minecraft.server.dedicated.DedicatedServer/]: antoniellocringe left the game
[05Feb2022 18:49:06.920] [Server thread/INFO] [net.minecraft.server.dedicated.DedicatedServer/]: Unknown or incomplete command, see below for error
[05Feb2022 18:49:06.920] [Server thread/INFO] [net.minecraft.server.dedicated.DedicatedServer/]: say<--[HERE]
[05Feb2022 18:50:58.228] [Netty Epoll Server IO #2/INFO] [codechicken.lib.config.ConfigSyncManager/]: Skipping config sync, No mods have registered a syncable config.
[05Feb2022 18:51:00.776] [Server thread/INFO] [net.minecraftforge.common.AdvancementLoadFix/]: Using new advancement loading for net.minecraft.advancements.PlayerAdvancements@398b956d
[05Feb2022 18:51:00.784] [Server thread/INFO] [net.minecraft.server.management.PlayerList/]: antoniellocringe[/5.227.29.110:50380] logged in with entity id 113280 at (-238.9082569267452, 68.24918707874468, 2.509297325220879)
[05Feb2022 18:51:00.787] [Server thread/INFO] [net.minecraft.server.dedicated.DedicatedServer/]: antoniellocringe joined the game
[05Feb2022 18:51:00.879] [Netty Epoll Server IO #2/ERROR] [net.minecraft.command.arguments.ArgumentTypes/]: Could not serialize forestry.core.commands.CommandModules$CommandPluginsInfo$ModuleArgument@1e094a77 (class forestry.core.commands.CommandModules$CommandPluginsInfo$ModuleArgument) - will not be sent to client!
[05Feb2022 18:51:12.820] [Server thread/INFO] [net.minecraft.network.play.ServerPlayNetHandler/]: antoniellocringe lost connection: Disconnected
[05Feb2022 18:51:12.820] [Server thread/INFO] [net.minecraft.server.dedicated.DedicatedServer/]: antoniellocringe left the game
[05Feb2022 18:53:18.807] [Netty Epoll Server IO #5/INFO] [codechicken.lib.config.ConfigSyncManager/]: Skipping config sync, No mods have registered a syncable config.
[05Feb2022 18:53:21.378] [Server thread/INFO] [net.minecraftforge.common.AdvancementLoadFix/]: Using new advancement loading for net.minecraft.advancements.PlayerAdvancements@728382c8
[05Feb2022 18:53:21.387] [Server thread/INFO] [net.minecraft.server.management.PlayerList/]: antoniellocringe[/5.227.29.110:50468] logged in with entity id 114109 at (-238.9082569267452, 68.24918707874468, 2.509297325220879)
[05Feb2022 18:53:21.390] [Server thread/INFO] [net.minecraft.server.dedicated.DedicatedServer/]: antoniellocringe joined the game
[05Feb2022 18:53:21.485] [Netty Epoll Server IO #5/ERROR] [net.minecraft.command.arguments.ArgumentTypes/]: Could not serialize forestry.core.commands.CommandModules$CommandPluginsInfo$ModuleArgument@1e094a77 (class forestry.core.commands.CommandModules$CommandPluginsInfo$ModuleArgument) - will not be sent to client!
[05Feb2022 18:53:22.368] [Server thread/INFO] [net.minecraft.server.dedicated.DedicatedServer/]: [hardw3q: Teleported antoniellocringe to hardw3q]
[05Feb2022 18:53:37.570] [Server thread/INFO] [net.minecraft.server.dedicated.DedicatedServer/]: Leksa2022 withered away whilst fighting Wither Skeleton
[05Feb2022 18:53:41.593] [Netty Epoll Server IO #6/ERROR] [net.minecraft.command.arguments.ArgumentTypes/]: Could not serialize forestry.core.commands.CommandModules$CommandPluginsInfo$ModuleArgument@1e094a77 (class forestry.core.commands.CommandModules$CommandPluginsInfo$ModuleArgument) - will not be sent to client!
[05Feb2022 18:55:59.968] [Server thread/WARN] [net.minecraft.network.play.ServerPlayNetHandler/]: antoniellocringe was kicked for floating too long!
[05Feb2022 18:56:00.020] [Server thread/INFO] [net.minecraft.network.play.ServerPlayNetHandler/]: antoniellocringe lost connection: Flying is not enabled on this server
[05Feb2022 18:56:00.020] [Server thread/INFO] [net.minecraft.server.dedicated.DedicatedServer/]: antoniellocringe left the game
[05Feb2022 19:00:32.781] [Netty Epoll Server IO #7/INFO] [codechicken.lib.config.ConfigSyncManager/]: Skipping config sync, No mods have registered a syncable config.
[05Feb2022 19:00:35.376] [Server thread/INFO] [net.minecraftforge.common.AdvancementLoadFix/]: Using new advancement loading for net.minecraft.advancements.PlayerAdvancements@11297286
[05Feb2022 19:00:35.384] [Server thread/INFO] [net.minecraft.server.management.PlayerList/]: antoniellocringe[/5.227.29.110:61629] logged in with entity id 120490 at (-238.2312064466132, 68.93883597911214, 4.8739756520267665)
[05Feb2022 19:00:35.387] [Server thread/INFO] [net.minecraft.server.dedicated.DedicatedServer/]: antoniellocringe joined the game
[05Feb2022 19:00:35.520] [Netty Epoll Server IO #7/ERROR] [net.minecraft.command.arguments.ArgumentTypes/]: Could not serialize forestry.core.commands.CommandModules$CommandPluginsInfo$ModuleArgument@1e094a77 (class forestry.core.commands.CommandModules$CommandPluginsInfo$ModuleArgument) - will not be sent to client!
[05Feb2022 19:01:29.432] [Server thread/FATAL] [net.minecraftforge.fml.loading.RuntimeDistCleaner/DISTXFORM]: Attempted to load class net/minecraft/client/world/ClientWorld for invalid dist DEDICATED_SERVER
[05Feb2022 19:01:29.432] [Server thread/ERROR] [net.minecraftforge.eventbus.EventBus/EVENTBUS]: Exception caught during firing event: Attempted to load class net/minecraft/client/world/ClientWorld for invalid dist DEDICATED_SERVER
	Index: 3
	Listeners:
		0: HIGH
		1: ASM: class me.shedaniel.architectury.event.forge.EventHandlerImplCommon event(Lnet/minecraftforge/event/entity/player/PlayerInteractEvent$RightClickBlock;)V
		2: NORMAL
		3: ASM: class vazkii.patchouli.common.handler.LecternEventHandler rightClick(Lnet/minecraftforge/event/entity/player/PlayerInteractEvent$RightClickBlock;)V
		4: ASM: mekanism.common.CommonPlayerTracker@62c15bf3 rightClickEvent(Lnet/minecraftforge/event/entity/player/PlayerInteractEvent$RightClickBlock;)V
		5: ASM: de.maxhenkel.reap.CropEvents@3c01ec3d onPlayerUse(Lnet/minecraftforge/event/entity/player/PlayerInteractEvent$RightClickBlock;)V
		6: ASM: blusunrize.immersiveengineering.common.EventHandler@21e38233 onBlockRightclick(Lnet/minecraftforge/event/entity/player/PlayerInteractEvent$RightClickBlock;)V
		7: ASM: appeng.parts.PartPlacement@11f1446 playerInteract(Lnet/minecraftforge/event/entity/player/PlayerInteractEvent;)V
java.lang.RuntimeException: Attempted to load class net/minecraft/client/world/ClientWorld for invalid dist DEDICATED_SERVER
	at net.minecraftforge.fml.loading.RuntimeDistCleaner.processClassWithFlags(RuntimeDistCleaner.java:71)
	at cpw.mods.modlauncher.LaunchPluginHandler.offerClassNodeToPlugins(LaunchPluginHandler.java:85)
	at cpw.mods.modlauncher.ClassTransformer.transform(ClassTransformer.java:120)
	at cpw.mods.modlauncher.TransformingClassLoader$DelegatedClassLoader.findClass(TransformingClassLoader.java:265)
	at cpw.mods.modlauncher.TransformingClassLoader.loadClass(TransformingClassLoader.java:136)
	at cpw.mods.modlauncher.TransformingClassLoader.loadClass(TransformingClassLoader.java:98)
	at java.lang.ClassLoader.loadClass(ClassLoader.java:351)
	at forestry.worktable.tiles.TileWorktable.<init>(TileWorktable.java:62)
	at net.minecraft.tileentity.TileEntityType.func_200968_a(TileEntityType.java:89)
	at forestry.core.blocks.MachineProperties.createTileEntity(MachineProperties.java:54)
	at forestry.core.blocks.BlockBase.createTileEntity(BlockBase.java:125)
	at net.minecraftforge.common.extensions.IForgeBlockState.createTileEntity(IForgeBlockState.java:120)
	at net.minecraft.world.chunk.Chunk.func_177422_i(Chunk.java:363)
	at net.minecraft.world.chunk.Chunk.func_177424_a(Chunk.java:390)
	at net.minecraft.world.World.func_175625_s(World.java:598)
	at vazkii.patchouli.common.handler.LecternEventHandler.rightClick(LecternEventHandler.java:29)
	at net.minecraftforge.eventbus.ASMEventHandler_120_LecternEventHandler_rightClick_RightClickBlock.invoke(.dynamic)
	at net.minecraftforge.eventbus.ASMEventHandler.invoke(ASMEventHandler.java:85)
	at net.minecraftforge.eventbus.EventBus.post(EventBus.java:302)
	at net.minecraftforge.eventbus.EventBus.post(EventBus.java:283)
	at net.minecraftforge.common.ForgeHooks.onRightClickBlock(ForgeHooks.java:831)
	at net.minecraft.server.management.PlayerInteractionManager.func_219441_a(PlayerInteractionManager.java:318)
	at net.minecraft.network.play.ServerPlayNetHandler.func_184337_a(ServerPlayNetHandler.java:958)
	at net.minecraft.network.play.client.CPlayerTryUseItemOnBlockPacket.func_148833_a(SourceFile:36)
	at net.minecraft.network.play.client.CPlayerTryUseItemOnBlockPacket.func_148833_a(SourceFile:10)
	at net.minecraft.network.PacketThreadUtil.func_225383_a(SourceFile:21)
	at net.minecraft.util.concurrent.TickDelayedTask.run(SourceFile:18)
	at net.minecraft.util.concurrent.ThreadTaskExecutor.func_213166_h(SourceFile:144)
	at net.minecraft.util.concurrent.RecursiveEventLoop.func_213166_h(SourceFile:23)
	at net.minecraft.server.MinecraftServer.func_213166_h(MinecraftServer.java:734)
	at net.minecraft.server.MinecraftServer.func_213166_h(MinecraftServer.java:159)
	at net.minecraft.util.concurrent.ThreadTaskExecutor.func_213168_p(SourceFile:118)
	at net.minecraft.server.MinecraftServer.func_213205_aW(MinecraftServer.java:717)
	at net.minecraft.server.MinecraftServer.func_213168_p(MinecraftServer.java:711)
	at net.minecraft.util.concurrent.ThreadTaskExecutor.func_213161_c(SourceFile:127)
	at net.minecraft.server.MinecraftServer.func_213202_o(MinecraftServer.java:697)
	at net.minecraft.server.MinecraftServer.func_240802_v_(MinecraftServer.java:646)
	at net.minecraft.server.MinecraftServer.func_240783_a_(MinecraftServer.java:232)
	at java.lang.Thread.run(Thread.java:748)

[05Feb2022 19:01:29.433] [Server thread/FATAL] [net.minecraft.util.concurrent.ThreadTaskExecutor/]: Error executing task on Server
java.lang.RuntimeException: Attempted to load class net/minecraft/client/world/ClientWorld for invalid dist DEDICATED_SERVER
	at net.minecraftforge.fml.loading.RuntimeDistCleaner.processClassWithFlags(RuntimeDistCleaner.java:71) ~[forge-1.16.5-36.2.23.jar:36.2]
	at cpw.mods.modlauncher.LaunchPluginHandler.offerClassNodeToPlugins(LaunchPluginHandler.java:85) ~[modlauncher-8.0.9.jar:?]
	at cpw.mods.modlauncher.ClassTransformer.transform(ClassTransformer.java:120) ~[modlauncher-8.0.9.jar:?]
	at cpw.mods.modlauncher.TransformingClassLoader$DelegatedClassLoader.findClass(TransformingClassLoader.java:265) ~[modlauncher-8.0.9.jar:?]
	at cpw.mods.modlauncher.TransformingClassLoader.loadClass(TransformingClassLoader.java:136) ~[modlauncher-8.0.9.jar:?]
	at cpw.mods.modlauncher.TransformingClassLoader.loadClass(TransformingClassLoader.java:98) ~[modlauncher-8.0.9.jar:?]
	at java.lang.ClassLoader.loadClass(ClassLoader.java:351) ~[?:1.8.0_312]
	at forestry.worktable.tiles.TileWorktable.<init>(TileWorktable.java:62) ~[forestry:6.0.11]
	at net.minecraft.tileentity.TileEntityType.func_200968_a(TileEntityType.java:89) ~[?:?]
	at forestry.core.blocks.MachineProperties.createTileEntity(MachineProperties.java:54) ~[forestry:6.0.11]
	at forestry.core.blocks.BlockBase.createTileEntity(BlockBase.java:125) ~[forestry:6.0.11]
	at net.minecraftforge.common.extensions.IForgeBlockState.createTileEntity(IForgeBlockState.java:120) ~[forge:?]
	at net.minecraft.world.chunk.Chunk.func_177422_i(Chunk.java:363) ~[?:?]
	at net.minecraft.world.chunk.Chunk.func_177424_a(Chunk.java:390) ~[?:?]
	at net.minecraft.world.World.func_175625_s(World.java:598) ~[?:?]
	at vazkii.patchouli.common.handler.LecternEventHandler.rightClick(LecternEventHandler.java:29) ~[patchouli:1.16.4-53.2]
	at net.minecraftforge.eventbus.ASMEventHandler_120_LecternEventHandler_rightClick_RightClickBlock.invoke(.dynamic) ~[?:?]
	at net.minecraftforge.eventbus.ASMEventHandler.invoke(ASMEventHandler.java:85) ~[eventbus-4.0.0.jar:?]
	at net.minecraftforge.eventbus.EventBus.post(EventBus.java:302) ~[eventbus-4.0.0.jar:?]
	at net.minecraftforge.eventbus.EventBus.post(EventBus.java:283) ~[eventbus-4.0.0.jar:?]
	at net.minecraftforge.common.ForgeHooks.onRightClickBlock(ForgeHooks.java:831) ~[forge:?]
	at net.minecraft.server.management.PlayerInteractionManager.func_219441_a(PlayerInteractionManager.java:318) ~[?:?]
	at net.minecraft.network.play.ServerPlayNetHandler.func_184337_a(ServerPlayNetHandler.java:958) ~[?:?]
	at net.minecraft.network.play.client.CPlayerTryUseItemOnBlockPacket.func_148833_a(SourceFile:36) ~[?:?]
	at net.minecraft.network.play.client.CPlayerTryUseItemOnBlockPacket.func_148833_a(SourceFile:10) ~[?:?]
	at net.minecraft.network.PacketThreadUtil.func_225383_a(SourceFile:21) ~[?:?]
	at net.minecraft.util.concurrent.TickDelayedTask.run(SourceFile:18) ~[?:?]
	at net.minecraft.util.concurrent.ThreadTaskExecutor.func_213166_h(SourceFile:144) ~[?:?]
	at net.minecraft.util.concurrent.RecursiveEventLoop.func_213166_h(SourceFile:23) ~[?:?]
	at net.minecraft.server.MinecraftServer.func_213166_h(MinecraftServer.java:734) ~[?:?]
	at net.minecraft.server.MinecraftServer.func_213166_h(MinecraftServer.java:159) ~[?:?]
	at net.minecraft.util.concurrent.ThreadTaskExecutor.func_213168_p(SourceFile:118) ~[?:?]
	at net.minecraft.server.MinecraftServer.func_213205_aW(MinecraftServer.java:717) ~[?:?]
	at net.minecraft.server.MinecraftServer.func_213168_p(MinecraftServer.java:711) ~[?:?]
	at net.minecraft.util.concurrent.ThreadTaskExecutor.func_213161_c(SourceFile:127) ~[?:?]
	at net.minecraft.server.MinecraftServer.func_213202_o(MinecraftServer.java:697) ~[?:?]
	at net.minecraft.server.MinecraftServer.func_240802_v_(MinecraftServer.java:646) ~[?:?]
	at net.minecraft.server.MinecraftServer.func_240783_a_(MinecraftServer.java:232) ~[?:?]
	at java.lang.Thread.run(Thread.java:748) [?:1.8.0_312]
[05Feb2022 19:01:30.030] [Server thread/FATAL] [net.minecraftforge.fml.loading.RuntimeDistCleaner/DISTXFORM]: Attempted to load class net/minecraft/client/world/ClientWorld for invalid dist DEDICATED_SERVER
[05Feb2022 19:01:30.031] [Server thread/ERROR] [net.minecraftforge.eventbus.EventBus/EVENTBUS]: Exception caught during firing event: Attempted to load class net/minecraft/client/world/ClientWorld for invalid dist DEDICATED_SERVER
	Index: 3
	Listeners:
		0: HIGH
		1: ASM: class me.shedaniel.architectury.event.forge.EventHandlerImplCommon event(Lnet/minecraftforge/event/entity/player/PlayerInteractEvent$RightClickBlock;)V
		2: NORMAL
		3: ASM: class vazkii.patchouli.common.handler.LecternEventHandler rightClick(Lnet/minecraftforge/event/entity/player/PlayerInteractEvent$RightClickBlock;)V
		4: ASM: mekanism.common.CommonPlayerTracker@62c15bf3 rightClickEvent(Lnet/minecraftforge/event/entity/player/PlayerInteractEvent$RightClickBlock;)V
		5: ASM: de.maxhenkel.reap.CropEvents@3c01ec3d onPlayerUse(Lnet/minecraftforge/event/entity/player/PlayerInteractEvent$RightClickBlock;)V
		6: ASM: blusunrize.immersiveengineering.common.EventHandler@21e38233 onBlockRightclick(Lnet/minecraftforge/event/entity/player/PlayerInteractEvent$RightClickBlock;)V
		7: ASM: appeng.parts.PartPlacement@11f1446 playerInteract(Lnet/minecraftforge/event/entity/player/PlayerInteractEvent;)V
java.lang.RuntimeException: Attempted to load class net/minecraft/client/world/ClientWorld for invalid dist DEDICATED_SERVER
	at net.minecraftforge.fml.loading.RuntimeDistCleaner.processClassWithFlags(RuntimeDistCleaner.java:71)
	at cpw.mods.modlauncher.LaunchPluginHandler.offerClassNodeToPlugins(LaunchPluginHandler.java:85)
	at cpw.mods.modlauncher.ClassTransformer.transform(ClassTransformer.java:120)
	at cpw.mods.modlauncher.TransformingClassLoader$DelegatedClassLoader.findClass(TransformingClassLoader.java:265)
	at cpw.mods.modlauncher.TransformingClassLoader.loadClass(TransformingClassLoader.java:136)
	at cpw.mods.modlauncher.TransformingClassLoader.loadClass(TransformingClassLoader.java:98)
	at java.lang.ClassLoader.loadClass(ClassLoader.java:351)
	at forestry.worktable.tiles.TileWorktable.<init>(TileWorktable.java:62)
	at net.minecraft.tileentity.TileEntityType.func_200968_a(TileEntityType.java:89)
	at forestry.core.blocks.MachineProperties.createTileEntity(MachineProperties.java:54)
	at forestry.core.blocks.BlockBase.createTileEntity(BlockBase.java:125)
	at net.minecraftforge.common.extensions.IForgeBlockState.createTileEntity(IForgeBlockState.java:120)
	at net.minecraft.world.chunk.Chunk.func_177422_i(Chunk.java:363)
	at net.minecraft.world.chunk.Chunk.func_177424_a(Chunk.java:390)
	at net.minecraft.world.World.func_175625_s(World.java:598)
	at vazkii.patchouli.common.handler.LecternEventHandler.rightClick(LecternEventHandler.java:29)
	at net.minecraftforge.eventbus.ASMEventHandler_120_LecternEventHandler_rightClick_RightClickBlock.invoke(.dynamic)
	at net.minecraftforge.eventbus.ASMEventHandler.invoke(ASMEventHandler.java:85)
	at net.minecraftforge.eventbus.EventBus.post(EventBus.java:302)
	at net.minecraftforge.eventbus.EventBus.post(EventBus.java:283)
	at net.minecraftforge.common.ForgeHooks.onRightClickBlock(ForgeHooks.java:831)
	at net.minecraft.server.management.PlayerInteractionManager.func_219441_a(PlayerInteractionManager.java:318)
	at net.minecraft.network.play.ServerPlayNetHandler.func_184337_a(ServerPlayNetHandler.java:958)
	at net.minecraft.network.play.client.CPlayerTryUseItemOnBlockPacket.func_148833_a(SourceFile:36)
	at net.minecraft.network.play.client.CPlayerTryUseItemOnBlockPacket.func_148833_a(SourceFile:10)
	at net.minecraft.network.PacketThreadUtil.func_225383_a(SourceFile:21)
	at net.minecraft.util.concurrent.TickDelayedTask.run(SourceFile:18)
	at net.minecraft.util.concurrent.ThreadTaskExecutor.func_213166_h(SourceFile:144)
	at net.minecraft.util.concurrent.RecursiveEventLoop.func_213166_h(SourceFile:23)
	at net.minecraft.server.MinecraftServer.func_213166_h(MinecraftServer.java:734)
	at net.minecraft.server.MinecraftServer.func_213166_h(MinecraftServer.java:159)
	at net.minecraft.util.concurrent.ThreadTaskExecutor.func_213168_p(SourceFile:118)
	at net.minecraft.server.MinecraftServer.func_213205_aW(MinecraftServer.java:717)
	at net.minecraft.server.MinecraftServer.func_213168_p(MinecraftServer.java:711)
	at net.minecraft.util.concurrent.ThreadTaskExecutor.func_213161_c(SourceFile:127)
	at net.minecraft.server.MinecraftServer.func_213202_o(MinecraftServer.java:697)
	at net.minecraft.server.MinecraftServer.func_240802_v_(MinecraftServer.java:646)
	at net.minecraft.server.MinecraftServer.func_240783_a_(MinecraftServer.java:232)
	at java.lang.Thread.run(Thread.java:748)

[05Feb2022 19:01:30.032] [Server thread/FATAL] [net.minecraft.util.concurrent.ThreadTaskExecutor/]: Error executing task on Server
java.lang.RuntimeException: Attempted to load class net/minecraft/client/world/ClientWorld for invalid dist DEDICATED_SERVER
	at net.minecraftforge.fml.loading.RuntimeDistCleaner.processClassWithFlags(RuntimeDistCleaner.java:71) ~[forge-1.16.5-36.2.23.jar:36.2]
	at cpw.mods.modlauncher.LaunchPluginHandler.offerClassNodeToPlugins(LaunchPluginHandler.java:85) ~[modlauncher-8.0.9.jar:?]
	at cpw.mods.modlauncher.ClassTransformer.transform(ClassTransformer.java:120) ~[modlauncher-8.0.9.jar:?]
	at cpw.mods.modlauncher.TransformingClassLoader$DelegatedClassLoader.findClass(TransformingClassLoader.java:265) ~[modlauncher-8.0.9.jar:?]
	at cpw.mods.modlauncher.TransformingClassLoader.loadClass(TransformingClassLoader.java:136) ~[modlauncher-8.0.9.jar:?]
	at cpw.mods.modlauncher.TransformingClassLoader.loadClass(TransformingClassLoader.java:98) ~[modlauncher-8.0.9.jar:?]
	at java.lang.ClassLoader.loadClass(ClassLoader.java:351) ~[?:1.8.0_312]
	at forestry.worktable.tiles.TileWorktable.<init>(TileWorktable.java:62) ~[forestry:6.0.11]
	at net.minecraft.tileentity.TileEntityType.func_200968_a(TileEntityType.java:89) ~[?:?]
	at forestry.core.blocks.MachineProperties.createTileEntity(MachineProperties.java:54) ~[forestry:6.0.11]
	at forestry.core.blocks.BlockBase.createTileEntity(BlockBase.java:125) ~[forestry:6.0.11]
	at net.minecraftforge.common.extensions.IForgeBlockState.createTileEntity(IForgeBlockState.java:120) ~[forge:?]
	at net.minecraft.world.chunk.Chunk.func_177422_i(Chunk.java:363) ~[?:?]
	at net.minecraft.world.chunk.Chunk.func_177424_a(Chunk.java:390) ~[?:?]
	at net.minecraft.world.World.func_175625_s(World.java:598) ~[?:?]
	at vazkii.patchouli.common.handler.LecternEventHandler.rightClick(LecternEventHandler.java:29) ~[patchouli:1.16.4-53.2]
	at net.minecraftforge.eventbus.ASMEventHandler_120_LecternEventHandler_rightClick_RightClickBlock.invoke(.dynamic) ~[?:?]
	at net.minecraftforge.eventbus.ASMEventHandler.invoke(ASMEventHandler.java:85) ~[eventbus-4.0.0.jar:?]
	at net.minecraftforge.eventbus.EventBus.post(EventBus.java:302) ~[eventbus-4.0.0.jar:?]
	at net.minecraftforge.eventbus.EventBus.post(EventBus.java:283) ~[eventbus-4.0.0.jar:?]
	at net.minecraftforge.common.ForgeHooks.onRightClickBlock(ForgeHooks.java:831) ~[forge:?]
	at net.minecraft.server.management.PlayerInteractionManager.func_219441_a(PlayerInteractionManager.java:318) ~[?:?]
	at net.minecraft.network.play.ServerPlayNetHandler.func_184337_a(ServerPlayNetHandler.java:958) ~[?:?]
	at net.minecraft.network.play.client.CPlayerTryUseItemOnBlockPacket.func_148833_a(SourceFile:36) ~[?:?]
	at net.minecraft.network.play.client.CPlayerTryUseItemOnBlockPacket.func_148833_a(SourceFile:10) ~[?:?]
	at net.minecraft.network.PacketThreadUtil.func_225383_a(SourceFile:21) ~[?:?]
	at net.minecraft.util.concurrent.TickDelayedTask.run(SourceFile:18) ~[?:?]
	at net.minecraft.util.concurrent.ThreadTaskExecutor.func_213166_h(SourceFile:144) ~[?:?]
	at net.minecraft.util.concurrent.RecursiveEventLoop.func_213166_h(SourceFile:23) ~[?:?]
	at net.minecraft.server.MinecraftServer.func_213166_h(MinecraftServer.java:734) ~[?:?]
	at net.minecraft.server.MinecraftServer.func_213166_h(MinecraftServer.java:159) ~[?:?]
	at net.minecraft.util.concurrent.ThreadTaskExecutor.func_213168_p(SourceFile:118) ~[?:?]
	at net.minecraft.server.MinecraftServer.func_213205_aW(MinecraftServer.java:717) ~[?:?]
	at net.minecraft.server.MinecraftServer.func_213168_p(MinecraftServer.java:711) ~[?:?]
	at net.minecraft.util.concurrent.ThreadTaskExecutor.func_213161_c(SourceFile:127) ~[?:?]
	at net.minecraft.server.MinecraftServer.func_213202_o(MinecraftServer.java:697) ~[?:?]
	at net.minecraft.server.MinecraftServer.func_240802_v_(MinecraftServer.java:646) ~[?:?]
	at net.minecraft.server.MinecraftServer.func_240783_a_(MinecraftServer.java:232) ~[?:?]
	at java.lang.Thread.run(Thread.java:748) [?:1.8.0_312]
[05Feb2022 19:01:31.069] [Server thread/FATAL] [net.minecraftforge.fml.loading.RuntimeDistCleaner/DISTXFORM]: Attempted to load class net/minecraft/client/world/ClientWorld for invalid dist DEDICATED_SERVER
[05Feb2022 19:01:31.070] [Server thread/ERROR] [net.minecraftforge.eventbus.EventBus/EVENTBUS]: Exception caught during firing event: Attempted to load class net/minecraft/client/world/ClientWorld for invalid dist DEDICATED_SERVER
	Index: 7
	Listeners:
		0: NORMAL
		1: ASM: class cofh.core.event.AreaEffectEvents handleBreakSpeedEvent(Lnet/minecraftforge/event/entity/player/PlayerEvent$BreakSpeed;)V
		2: net.minecraftforge.eventbus.EventBus$$Lambda$2687/1025216977@42934c1
		3: net.minecraftforge.eventbus.EventBus$$Lambda$2687/1025216977@4b505aab
		4: net.minecraftforge.eventbus.EventBus$$Lambda$2687/1025216977@769595e
		5: net.minecraftforge.eventbus.EventBus$$Lambda$2687/1025216977@241a95dc
		6: ASM: de.maxhenkel.reap.TreeEvents@2f3b132f onBreakSpeed(Lnet/minecraftforge/event/entity/player/PlayerEvent$BreakSpeed;)V
		7: ASM: blusunrize.immersiveengineering.common.EventHandler@21e38233 digSpeedEvent(Lnet/minecraftforge/event/entity/player/PlayerEvent$BreakSpeed;)V
		8: LOWEST
		9: ASM: class cofh.thermal.core.event.TCoreCommonEvents handleBreakSpeedEvent(Lnet/minecraftforge/event/entity/player/PlayerEvent$BreakSpeed;)V
java.lang.RuntimeException: Attempted to load class net/minecraft/client/world/ClientWorld for invalid dist DEDICATED_SERVER
	at net.minecraftforge.fml.loading.RuntimeDistCleaner.processClassWithFlags(RuntimeDistCleaner.java:71)
	at cpw.mods.modlauncher.LaunchPluginHandler.offerClassNodeToPlugins(LaunchPluginHandler.java:85)
	at cpw.mods.modlauncher.ClassTransformer.transform(ClassTransformer.java:120)
	at cpw.mods.modlauncher.TransformingClassLoader$DelegatedClassLoader.findClass(TransformingClassLoader.java:265)
	at cpw.mods.modlauncher.TransformingClassLoader.loadClass(TransformingClassLoader.java:136)
	at cpw.mods.modlauncher.TransformingClassLoader.loadClass(TransformingClassLoader.java:98)
	at java.lang.ClassLoader.loadClass(ClassLoader.java:351)
	at forestry.worktable.tiles.TileWorktable.<init>(TileWorktable.java:62)
	at net.minecraft.tileentity.TileEntityType.func_200968_a(TileEntityType.java:89)
	at forestry.core.blocks.MachineProperties.createTileEntity(MachineProperties.java:54)
	at forestry.core.blocks.BlockBase.createTileEntity(BlockBase.java:125)
	at net.minecraftforge.common.extensions.IForgeBlockState.createTileEntity(IForgeBlockState.java:120)
	at net.minecraft.world.chunk.Chunk.func_177422_i(Chunk.java:363)
	at net.minecraft.world.chunk.Chunk.func_177424_a(Chunk.java:390)
	at net.minecraft.world.World.func_175625_s(World.java:598)
	at blusunrize.immersiveengineering.common.EventHandler.digSpeedEvent(EventHandler.java:328)
	at net.minecraftforge.eventbus.ASMEventHandler_218_EventHandler_digSpeedEvent_BreakSpeed.invoke(.dynamic)
	at net.minecraftforge.eventbus.ASMEventHandler.invoke(ASMEventHandler.java:85)
	at net.minecraftforge.eventbus.EventBus.post(EventBus.java:302)
	at net.minecraftforge.eventbus.EventBus.post(EventBus.java:283)
	at net.minecraftforge.event.ForgeEventFactory.getBreakSpeed(ForgeEventFactory.java:188)
	at net.minecraft.entity.player.PlayerEntity.getDigSpeed(PlayerEntity.java:709)
	at net.minecraft.block.AbstractBlock.func_180647_a(AbstractBlock.java:301)
	at net.minecraft.block.AbstractBlock$AbstractBlockState.func_185903_a(AbstractBlock.java:503)
	at net.minecraft.server.management.PlayerInteractionManager.func_225416_a(PlayerInteractionManager.java:164)
	at net.minecraft.network.play.ServerPlayNetHandler.func_147345_a(ServerPlayNetHandler.java:929)
	at net.minecraft.network.play.client.CPlayerDiggingPacket.func_148833_a(SourceFile:40)
	at net.minecraft.network.play.client.CPlayerDiggingPacket.func_148833_a(SourceFile:10)
	at net.minecraft.network.PacketThreadUtil.func_225383_a(SourceFile:21)
	at net.minecraft.util.concurrent.TickDelayedTask.run(SourceFile:18)
	at net.minecraft.util.concurrent.ThreadTaskExecutor.func_213166_h(SourceFile:144)
	at net.minecraft.util.concurrent.RecursiveEventLoop.func_213166_h(SourceFile:23)
	at net.minecraft.server.MinecraftServer.func_213166_h(MinecraftServer.java:734)
	at net.minecraft.server.MinecraftServer.func_213166_h(MinecraftServer.java:159)
	at net.minecraft.util.concurrent.ThreadTaskExecutor.func_213168_p(SourceFile:118)
	at net.minecraft.server.MinecraftServer.func_213205_aW(MinecraftServer.java:717)
	at net.minecraft.server.MinecraftServer.func_213168_p(MinecraftServer.java:711)
	at net.minecraft.util.concurrent.ThreadTaskExecutor.func_213160_bf(SourceFile:103)
	at net.minecraft.server.MinecraftServer.func_213202_o(MinecraftServer.java:696)
	at net.minecraft.server.MinecraftServer.func_240802_v_(MinecraftServer.java:646)
	at net.minecraft.server.MinecraftServer.func_240783_a_(MinecraftServer.java:232)
	at java.lang.Thread.run(Thread.java:748)

[05Feb2022 19:01:31.070] [Server thread/FATAL] [net.minecraft.util.concurrent.ThreadTaskExecutor/]: Error executing task on Server
java.lang.RuntimeException: Attempted to load class net/minecraft/client/world/ClientWorld for invalid dist DEDICATED_SERVER
	at net.minecraftforge.fml.loading.RuntimeDistCleaner.processClassWithFlags(RuntimeDistCleaner.java:71) ~[forge-1.16.5-36.2.23.jar:36.2]
	at cpw.mods.modlauncher.LaunchPluginHandler.offerClassNodeToPlugins(LaunchPluginHandler.java:85) ~[modlauncher-8.0.9.jar:?]
	at cpw.mods.modlauncher.ClassTransformer.transform(ClassTransformer.java:120) ~[modlauncher-8.0.9.jar:?]
	at cpw.mods.modlauncher.TransformingClassLoader$DelegatedClassLoader.findClass(TransformingClassLoader.java:265) ~[modlauncher-8.0.9.jar:?]
	at cpw.mods.modlauncher.TransformingClassLoader.loadClass(TransformingClassLoader.java:136) ~[modlauncher-8.0.9.jar:?]
	at cpw.mods.modlauncher.TransformingClassLoader.loadClass(TransformingClassLoader.java:98) ~[modlauncher-8.0.9.jar:?]
	at java.lang.ClassLoader.loadClass(ClassLoader.java:351) ~[?:1.8.0_312]
	at forestry.worktable.tiles.TileWorktable.<init>(TileWorktable.java:62) ~[forestry:6.0.11]
	at net.minecraft.tileentity.TileEntityType.func_200968_a(TileEntityType.java:89) ~[?:?]
	at forestry.core.blocks.MachineProperties.createTileEntity(MachineProperties.java:54) ~[forestry:6.0.11]
	at forestry.core.blocks.BlockBase.createTileEntity(BlockBase.java:125) ~[forestry:6.0.11]
	at net.minecraftforge.common.extensions.IForgeBlockState.createTileEntity(IForgeBlockState.java:120) ~[forge:?]
	at net.minecraft.world.chunk.Chunk.func_177422_i(Chunk.java:363) ~[?:?]
	at net.minecraft.world.chunk.Chunk.func_177424_a(Chunk.java:390) ~[?:?]
	at net.minecraft.world.World.func_175625_s(World.java:598) ~[?:?]
	at blusunrize.immersiveengineering.common.EventHandler.digSpeedEvent(EventHandler.java:328) ~[immersiveengineering:?]
	at net.minecraftforge.eventbus.ASMEventHandler_218_EventHandler_digSpeedEvent_BreakSpeed.invoke(.dynamic) ~[?:?]
	at net.minecraftforge.eventbus.ASMEventHandler.invoke(ASMEventHandler.java:85) ~[eventbus-4.0.0.jar:?]
	at net.minecraftforge.eventbus.EventBus.post(EventBus.java:302) ~[eventbus-4.0.0.jar:?]
	at net.minecraftforge.eventbus.EventBus.post(EventBus.java:283) ~[eventbus-4.0.0.jar:?]
	at net.minecraftforge.event.ForgeEventFactory.getBreakSpeed(ForgeEventFactory.java:188) ~[forge:?]
	at net.minecraft.entity.player.PlayerEntity.getDigSpeed(PlayerEntity.java:709) ~[?:?]
	at net.minecraft.block.AbstractBlock.func_180647_a(AbstractBlock.java:301) ~[?:?]
	at net.minecraft.block.AbstractBlock$AbstractBlockState.func_185903_a(AbstractBlock.java:503) ~[?:?]
	at net.minecraft.server.management.PlayerInteractionManager.func_225416_a(PlayerInteractionManager.java:164) ~[?:?]
	at net.minecraft.network.play.ServerPlayNetHandler.func_147345_a(ServerPlayNetHandler.java:929) ~[?:?]
	at net.minecraft.network.play.client.CPlayerDiggingPacket.func_148833_a(SourceFile:40) ~[?:?]
	at net.minecraft.network.play.client.CPlayerDiggingPacket.func_148833_a(SourceFile:10) ~[?:?]
	at net.minecraft.network.PacketThreadUtil.func_225383_a(SourceFile:21) ~[?:?]
	at net.minecraft.util.concurrent.TickDelayedTask.run(SourceFile:18) ~[?:?]
	at net.minecraft.util.concurrent.ThreadTaskExecutor.func_213166_h(SourceFile:144) ~[?:?]
	at net.minecraft.util.concurrent.RecursiveEventLoop.func_213166_h(SourceFile:23) ~[?:?]
	at net.minecraft.server.MinecraftServer.func_213166_h(MinecraftServer.java:734) ~[?:?]
	at net.minecraft.server.MinecraftServer.func_213166_h(MinecraftServer.java:159) ~[?:?]
	at net.minecraft.util.concurrent.ThreadTaskExecutor.func_213168_p(SourceFile:118) ~[?:?]
	at net.minecraft.server.MinecraftServer.func_213205_aW(MinecraftServer.java:717) ~[?:?]
	at net.minecraft.server.MinecraftServer.func_213168_p(MinecraftServer.java:711) ~[?:?]
	at net.minecraft.util.concurrent.ThreadTaskExecutor.func_213160_bf(SourceFile:103) ~[?:?]
	at net.minecraft.server.MinecraftServer.func_213202_o(MinecraftServer.java:696) ~[?:?]
	at net.minecraft.server.MinecraftServer.func_240802_v_(MinecraftServer.java:646) ~[?:?]
	at net.minecraft.server.MinecraftServer.func_240783_a_(MinecraftServer.java:232) ~[?:?]
	at java.lang.Thread.run(Thread.java:748) [?:1.8.0_312]
[05Feb2022 19:01:31.328] [Server thread/WARN] [net.minecraft.server.management.PlayerInteractionManager/]: Mismatch in destroy block pos: BlockPos{x=0, y=0, z=0} BlockPos{x=-213, y=66, z=20}
[05Feb2022 19:01:31.529] [Server thread/FATAL] [net.minecraftforge.fml.loading.RuntimeDistCleaner/DISTXFORM]: Attempted to load class net/minecraft/client/world/ClientWorld for invalid dist DEDICATED_SERVER
[05Feb2022 19:01:31.529] [Server thread/ERROR] [net.minecraftforge.eventbus.EventBus/EVENTBUS]: Exception caught during firing event: Attempted to load class net/minecraft/client/world/ClientWorld for invalid dist DEDICATED_SERVER
	Index: 3
	Listeners:
		0: HIGH
		1: ASM: class me.shedaniel.architectury.event.forge.EventHandlerImplCommon event(Lnet/minecraftforge/event/entity/player/PlayerInteractEvent$RightClickBlock;)V
		2: NORMAL
		3: ASM: class vazkii.patchouli.common.handler.LecternEventHandler rightClick(Lnet/minecraftforge/event/entity/player/PlayerInteractEvent$RightClickBlock;)V
		4: ASM: mekanism.common.CommonPlayerTracker@62c15bf3 rightClickEvent(Lnet/minecraftforge/event/entity/player/PlayerInteractEvent$RightClickBlock;)V
		5: ASM: de.maxhenkel.reap.CropEvents@3c01ec3d onPlayerUse(Lnet/minecraftforge/event/entity/player/PlayerInteractEvent$RightClickBlock;)V
		6: ASM: blusunrize.immersiveengineering.common.EventHandler@21e38233 onBlockRightclick(Lnet/minecraftforge/event/entity/player/PlayerInteractEvent$RightClickBlock;)V
		7: ASM: appeng.parts.PartPlacement@11f1446 playerInteract(Lnet/minecraftforge/event/entity/player/PlayerInteractEvent;)V
java.lang.RuntimeException: Attempted to load class net/minecraft/client/world/ClientWorld for invalid dist DEDICATED_SERVER
	at net.minecraftforge.fml.loading.RuntimeDistCleaner.processClassWithFlags(RuntimeDistCleaner.java:71)
	at cpw.mods.modlauncher.LaunchPluginHandler.offerClassNodeToPlugins(LaunchPluginHandler.java:85)
	at cpw.mods.modlauncher.ClassTransformer.transform(ClassTransformer.java:120)
	at cpw.mods.modlauncher.TransformingClassLoader$DelegatedClassLoader.findClass(TransformingClassLoader.java:265)
	at cpw.mods.modlauncher.TransformingClassLoader.loadClass(TransformingClassLoader.java:136)
	at cpw.mods.modlauncher.TransformingClassLoader.loadClass(TransformingClassLoader.java:98)
	at java.lang.ClassLoader.loadClass(ClassLoader.java:351)
	at forestry.worktable.tiles.TileWorktable.<init>(TileWorktable.java:62)
	at net.minecraft.tileentity.TileEntityType.func_200968_a(TileEntityType.java:89)
	at forestry.core.blocks.MachineProperties.createTileEntity(MachineProperties.java:54)
	at forestry.core.blocks.BlockBase.createTileEntity(BlockBase.java:125)
	at net.minecraftforge.common.extensions.IForgeBlockState.createTileEntity(IForgeBlockState.java:120)
	at net.minecraft.world.chunk.Chunk.func_177422_i(Chunk.java:363)
	at net.minecraft.world.chunk.Chunk.func_177424_a(Chunk.java:390)
	at net.minecraft.world.World.func_175625_s(World.java:598)
	at vazkii.patchouli.common.handler.LecternEventHandler.rightClick(LecternEventHandler.java:29)
	at net.minecraftforge.eventbus.ASMEventHandler_120_LecternEventHandler_rightClick_RightClickBlock.invoke(.dynamic)
	at net.minecraftforge.eventbus.ASMEventHandler.invoke(ASMEventHandler.java:85)
	at net.minecraftforge.eventbus.EventBus.post(EventBus.java:302)
	at net.minecraftforge.eventbus.EventBus.post(EventBus.java:283)
	at net.minecraftforge.common.ForgeHooks.onRightClickBlock(ForgeHooks.java:831)
	at net.minecraft.server.management.PlayerInteractionManager.func_219441_a(PlayerInteractionManager.java:318)
	at net.minecraft.network.play.ServerPlayNetHandler.func_184337_a(ServerPlayNetHandler.java:958)
	at net.minecraft.network.play.client.CPlayerTryUseItemOnBlockPacket.func_148833_a(SourceFile:36)
	at net.minecraft.network.play.client.CPlayerTryUseItemOnBlockPacket.func_148833_a(SourceFile:10)
	at net.minecraft.network.PacketThreadUtil.func_225383_a(SourceFile:21)
	at net.minecraft.util.concurrent.TickDelayedTask.run(SourceFile:18)
	at net.minecraft.util.concurrent.ThreadTaskExecutor.func_213166_h(SourceFile:144)
	at net.minecraft.util.concurrent.RecursiveEventLoop.func_213166_h(SourceFile:23)
	at net.minecraft.server.MinecraftServer.func_213166_h(MinecraftServer.java:734)
	at net.minecraft.server.MinecraftServer.func_213166_h(MinecraftServer.java:159)
	at net.minecraft.util.concurrent.ThreadTaskExecutor.func_213168_p(SourceFile:118)
	at net.minecraft.server.MinecraftServer.func_213205_aW(MinecraftServer.java:717)
	at net.minecraft.server.MinecraftServer.func_213168_p(MinecraftServer.java:711)
	at net.minecraft.util.concurrent.ThreadTaskExecutor.func_213161_c(SourceFile:127)
	at net.minecraft.server.MinecraftServer.func_213202_o(MinecraftServer.java:697)
	at net.minecraft.server.MinecraftServer.func_240802_v_(MinecraftServer.java:646)
	at net.minecraft.server.MinecraftServer.func_240783_a_(MinecraftServer.java:232)
	at java.lang.Thread.run(Thread.java:748)

[05Feb2022 19:01:31.530] [Server thread/FATAL] [net.minecraft.util.concurrent.ThreadTaskExecutor/]: Error executing task on Server
java.lang.RuntimeException: Attempted to load class net/minecraft/client/world/ClientWorld for invalid dist DEDICATED_SERVER
	at net.minecraftforge.fml.loading.RuntimeDistCleaner.processClassWithFlags(RuntimeDistCleaner.java:71) ~[forge-1.16.5-36.2.23.jar:36.2]
	at cpw.mods.modlauncher.LaunchPluginHandler.offerClassNodeToPlugins(LaunchPluginHandler.java:85) ~[modlauncher-8.0.9.jar:?]
	at cpw.mods.modlauncher.ClassTransformer.transform(ClassTransformer.java:120) ~[modlauncher-8.0.9.jar:?]
	at cpw.mods.modlauncher.TransformingClassLoader$DelegatedClassLoader.findClass(TransformingClassLoader.java:265) ~[modlauncher-8.0.9.jar:?]
	at cpw.mods.modlauncher.TransformingClassLoader.loadClass(TransformingClassLoader.java:136) ~[modlauncher-8.0.9.jar:?]
	at cpw.mods.modlauncher.TransformingClassLoader.loadClass(TransformingClassLoader.java:98) ~[modlauncher-8.0.9.jar:?]
	at java.lang.ClassLoader.loadClass(ClassLoader.java:351) ~[?:1.8.0_312]
	at forestry.worktable.tiles.TileWorktable.<init>(TileWorktable.java:62) ~[forestry:6.0.11]
	at net.minecraft.tileentity.TileEntityType.func_200968_a(TileEntityType.java:89) ~[?:?]
	at forestry.core.blocks.MachineProperties.createTileEntity(MachineProperties.java:54) ~[forestry:6.0.11]
	at forestry.core.blocks.BlockBase.createTileEntity(BlockBase.java:125) ~[forestry:6.0.11]
	at net.minecraftforge.common.extensions.IForgeBlockState.createTileEntity(IForgeBlockState.java:120) ~[forge:?]
	at net.minecraft.world.chunk.Chunk.func_177422_i(Chunk.java:363) ~[?:?]
	at net.minecraft.world.chunk.Chunk.func_177424_a(Chunk.java:390) ~[?:?]
	at net.minecraft.world.World.func_175625_s(World.java:598) ~[?:?]
	at vazkii.patchouli.common.handler.LecternEventHandler.rightClick(LecternEventHandler.java:29) ~[patchouli:1.16.4-53.2]
	at net.minecraftforge.eventbus.ASMEventHandler_120_LecternEventHandler_rightClick_RightClickBlock.invoke(.dynamic) ~[?:?]
	at net.minecraftforge.eventbus.ASMEventHandler.invoke(ASMEventHandler.java:85) ~[eventbus-4.0.0.jar:?]
	at net.minecraftforge.eventbus.EventBus.post(EventBus.java:302) ~[eventbus-4.0.0.jar:?]
	at net.minecraftforge.eventbus.EventBus.post(EventBus.java:283) ~[eventbus-4.0.0.jar:?]
	at net.minecraftforge.common.ForgeHooks.onRightClickBlock(ForgeHooks.java:831) ~[forge:?]
	at net.minecraft.server.management.PlayerInteractionManager.func_219441_a(PlayerInteractionManager.java:318) ~[?:?]
	at net.minecraft.network.play.ServerPlayNetHandler.func_184337_a(ServerPlayNetHandler.java:958) ~[?:?]
	at net.minecraft.network.play.client.CPlayerTryUseItemOnBlockPacket.func_148833_a(SourceFile:36) ~[?:?]
	at net.minecraft.network.play.client.CPlayerTryUseItemOnBlockPacket.func_148833_a(SourceFile:10) ~[?:?]
	at net.minecraft.network.PacketThreadUtil.func_225383_a(SourceFile:21) ~[?:?]
	at net.minecraft.util.concurrent.TickDelayedTask.run(SourceFile:18) ~[?:?]
	at net.minecraft.util.concurrent.ThreadTaskExecutor.func_213166_h(SourceFile:144) ~[?:?]
	at net.minecraft.util.concurrent.RecursiveEventLoop.func_213166_h(SourceFile:23) ~[?:?]
	at net.minecraft.server.MinecraftServer.func_213166_h(MinecraftServer.java:734) ~[?:?]
	at net.minecraft.server.MinecraftServer.func_213166_h(MinecraftServer.java:159) ~[?:?]
	at net.minecraft.util.concurrent.ThreadTaskExecutor.func_213168_p(SourceFile:118) ~[?:?]
	at net.minecraft.server.MinecraftServer.func_213205_aW(MinecraftServer.java:717) ~[?:?]
	at net.minecraft.server.MinecraftServer.func_213168_p(MinecraftServer.java:711) ~[?:?]
	at net.minecraft.util.concurrent.ThreadTaskExecutor.func_213161_c(SourceFile:127) ~[?:?]
	at net.minecraft.server.MinecraftServer.func_213202_o(MinecraftServer.java:697) ~[?:?]
	at net.minecraft.server.MinecraftServer.func_240802_v_(MinecraftServer.java:646) ~[?:?]
	at net.minecraft.server.MinecraftServer.func_240783_a_(MinecraftServer.java:232) ~[?:?]
	at java.lang.Thread.run(Thread.java:748) [?:1.8.0_312]
[05Feb2022 19:01:31.774] [Server thread/FATAL] [net.minecraftforge.fml.loading.RuntimeDistCleaner/DISTXFORM]: Attempted to load class net/minecraft/client/world/ClientWorld for invalid dist DEDICATED_SERVER
[05Feb2022 19:01:31.774] [Server thread/ERROR] [net.minecraftforge.eventbus.EventBus/EVENTBUS]: Exception caught during firing event: Attempted to load class net/minecraft/client/world/ClientWorld for invalid dist DEDICATED_SERVER
	Index: 3
	Listeners:
		0: HIGH
		1: ASM: class me.shedaniel.architectury.event.forge.EventHandlerImplCommon event(Lnet/minecraftforge/event/entity/player/PlayerInteractEvent$RightClickBlock;)V
		2: NORMAL
		3: ASM: class vazkii.patchouli.common.handler.LecternEventHandler rightClick(Lnet/minecraftforge/event/entity/player/PlayerInteractEvent$RightClickBlock;)V
		4: ASM: mekanism.common.CommonPlayerTracker@62c15bf3 rightClickEvent(Lnet/minecraftforge/event/entity/player/PlayerInteractEvent$RightClickBlock;)V
		5: ASM: de.maxhenkel.reap.CropEvents@3c01ec3d onPlayerUse(Lnet/minecraftforge/event/entity/player/PlayerInteractEvent$RightClickBlock;)V
		6: ASM: blusunrize.immersiveengineering.common.EventHandler@21e38233 onBlockRightclick(Lnet/minecraftforge/event/entity/player/PlayerInteractEvent$RightClickBlock;)V
		7: ASM: appeng.parts.PartPlacement@11f1446 playerInteract(Lnet/minecraftforge/event/entity/player/PlayerInteractEvent;)V
java.lang.RuntimeException: Attempted to load class net/minecraft/client/world/ClientWorld for invalid dist DEDICATED_SERVER
	at net.minecraftforge.fml.loading.RuntimeDistCleaner.processClassWithFlags(RuntimeDistCleaner.java:71)
	at cpw.mods.modlauncher.LaunchPluginHandler.offerClassNodeToPlugins(LaunchPluginHandler.java:85)
	at cpw.mods.modlauncher.ClassTransformer.transform(ClassTransformer.java:120)
	at cpw.mods.modlauncher.TransformingClassLoader$DelegatedClassLoader.findClass(TransformingClassLoader.java:265)
	at cpw.mods.modlauncher.TransformingClassLoader.loadClass(TransformingClassLoader.java:136)
	at cpw.mods.modlauncher.TransformingClassLoader.loadClass(TransformingClassLoader.java:98)
	at java.lang.ClassLoader.loadClass(ClassLoader.java:351)
	at forestry.worktable.tiles.TileWorktable.<init>(TileWorktable.java:62)
	at net.minecraft.tileentity.TileEntityType.func_200968_a(TileEntityType.java:89)
	at forestry.core.blocks.MachineProperties.createTileEntity(MachineProperties.java:54)
	at forestry.core.blocks.BlockBase.createTileEntity(BlockBase.java:125)
	at net.minecraftforge.common.extensions.IForgeBlockState.createTileEntity(IForgeBlockState.java:120)
	at net.minecraft.world.chunk.Chunk.func_177422_i(Chunk.java:363)
	at net.minecraft.world.chunk.Chunk.func_177424_a(Chunk.java:390)
	at net.minecraft.world.World.func_175625_s(World.java:598)
	at vazkii.patchouli.common.handler.LecternEventHandler.rightClick(LecternEventHandler.java:29)
	at net.minecraftforge.eventbus.ASMEventHandler_120_LecternEventHandler_rightClick_RightClickBlock.invoke(.dynamic)
	at net.minecraftforge.eventbus.ASMEventHandler.invoke(ASMEventHandler.java:85)
	at net.minecraftforge.eventbus.EventBus.post(EventBus.java:302)
	at net.minecraftforge.eventbus.EventBus.post(EventBus.java:283)
	at net.minecraftforge.common.ForgeHooks.onRightClickBlock(ForgeHooks.java:831)
	at net.minecraft.server.management.PlayerInteractionManager.func_219441_a(PlayerInteractionManager.java:318)
	at net.minecraft.network.play.ServerPlayNetHandler.func_184337_a(ServerPlayNetHandler.java:958)
	at net.minecraft.network.play.client.CPlayerTryUseItemOnBlockPacket.func_148833_a(SourceFile:36)
	at net.minecraft.network.play.client.CPlayerTryUseItemOnBlockPacket.func_148833_a(SourceFile:10)
	at net.minecraft.network.PacketThreadUtil.func_225383_a(SourceFile:21)
	at net.minecraft.util.concurrent.TickDelayedTask.run(SourceFile:18)
	at net.minecraft.util.concurrent.ThreadTaskExecutor.func_213166_h(SourceFile:144)
	at net.minecraft.util.concurrent.RecursiveEventLoop.func_213166_h(SourceFile:23)
	at net.minecraft.server.MinecraftServer.func_213166_h(MinecraftServer.java:734)
	at net.minecraft.server.MinecraftServer.func_213166_h(MinecraftServer.java:159)
	at net.minecraft.util.concurrent.ThreadTaskExecutor.func_213168_p(SourceFile:118)
	at net.minecraft.server.MinecraftServer.func_213205_aW(MinecraftServer.java:717)
	at net.minecraft.server.MinecraftServer.func_213168_p(MinecraftServer.java:711)
	at net.minecraft.util.concurrent.ThreadTaskExecutor.func_213160_bf(SourceFile:103)
	at net.minecraft.server.MinecraftServer.func_213202_o(MinecraftServer.java:696)
	at net.minecraft.server.MinecraftServer.func_240802_v_(MinecraftServer.java:646)
	at net.minecraft.server.MinecraftServer.func_240783_a_(MinecraftServer.java:232)
	at java.lang.Thread.run(Thread.java:748)

[05Feb2022 19:01:31.775] [Server thread/FATAL] [net.minecraft.util.concurrent.ThreadTaskExecutor/]: Error executing task on Server
java.lang.RuntimeException: Attempted to load class net/minecraft/client/world/ClientWorld for invalid dist DEDICATED_SERVER
	at net.minecraftforge.fml.loading.RuntimeDistCleaner.processClassWithFlags(RuntimeDistCleaner.java:71) ~[forge-1.16.5-36.2.23.jar:36.2]
	at cpw.mods.modlauncher.LaunchPluginHandler.offerClassNodeToPlugins(LaunchPluginHandler.java:85) ~[modlauncher-8.0.9.jar:?]
	at cpw.mods.modlauncher.ClassTransformer.transform(ClassTransformer.java:120) ~[modlauncher-8.0.9.jar:?]
	at cpw.mods.modlauncher.TransformingClassLoader$DelegatedClassLoader.findClass(TransformingClassLoader.java:265) ~[modlauncher-8.0.9.jar:?]
	at cpw.mods.modlauncher.TransformingClassLoader.loadClass(TransformingClassLoader.java:136) ~[modlauncher-8.0.9.jar:?]
	at cpw.mods.modlauncher.TransformingClassLoader.loadClass(TransformingClassLoader.java:98) ~[modlauncher-8.0.9.jar:?]
	at java.lang.ClassLoader.loadClass(ClassLoader.java:351) ~[?:1.8.0_312]
	at forestry.worktable.tiles.TileWorktable.<init>(TileWorktable.java:62) ~[forestry:6.0.11]
	at net.minecraft.tileentity.TileEntityType.func_200968_a(TileEntityType.java:89) ~[?:?]
	at forestry.core.blocks.MachineProperties.createTileEntity(MachineProperties.java:54) ~[forestry:6.0.11]
	at forestry.core.blocks.BlockBase.createTileEntity(BlockBase.java:125) ~[forestry:6.0.11]
	at net.minecraftforge.common.extensions.IForgeBlockState.createTileEntity(IForgeBlockState.java:120) ~[forge:?]
	at net.minecraft.world.chunk.Chunk.func_177422_i(Chunk.java:363) ~[?:?]
	at net.minecraft.world.chunk.Chunk.func_177424_a(Chunk.java:390) ~[?:?]
	at net.minecraft.world.World.func_175625_s(World.java:598) ~[?:?]
	at vazkii.patchouli.common.handler.LecternEventHandler.rightClick(LecternEventHandler.java:29) ~[patchouli:1.16.4-53.2]
	at net.minecraftforge.eventbus.ASMEventHandler_120_LecternEventHandler_rightClick_RightClickBlock.invoke(.dynamic) ~[?:?]
	at net.minecraftforge.eventbus.ASMEventHandler.invoke(ASMEventHandler.java:85) ~[eventbus-4.0.0.jar:?]
	at net.minecraftforge.eventbus.EventBus.post(EventBus.java:302) ~[eventbus-4.0.0.jar:?]
	at net.minecraftforge.eventbus.EventBus.post(EventBus.java:283) ~[eventbus-4.0.0.jar:?]
	at net.minecraftforge.common.ForgeHooks.onRightClickBlock(ForgeHooks.java:831) ~[forge:?]
	at net.minecraft.server.management.PlayerInteractionManager.func_219441_a(PlayerInteractionManager.java:318) ~[?:?]
	at net.minecraft.network.play.ServerPlayNetHandler.func_184337_a(ServerPlayNetHandler.java:958) ~[?:?]
	at net.minecraft.network.play.client.CPlayerTryUseItemOnBlockPacket.func_148833_a(SourceFile:36) ~[?:?]
	at net.minecraft.network.play.client.CPlayerTryUseItemOnBlockPacket.func_148833_a(SourceFile:10) ~[?:?]
	at net.minecraft.network.PacketThreadUtil.func_225383_a(SourceFile:21) ~[?:?]
	at net.minecraft.util.concurrent.TickDelayedTask.run(SourceFile:18) ~[?:?]
	at net.minecraft.util.concurrent.ThreadTaskExecutor.func_213166_h(SourceFile:144) ~[?:?]
	at net.minecraft.util.concurrent.RecursiveEventLoop.func_213166_h(SourceFile:23) ~[?:?]
	at net.minecraft.server.MinecraftServer.func_213166_h(MinecraftServer.java:734) ~[?:?]
	at net.minecraft.server.MinecraftServer.func_213166_h(MinecraftServer.java:159) ~[?:?]
	at net.minecraft.util.concurrent.ThreadTaskExecutor.func_213168_p(SourceFile:118) ~[?:?]
	at net.minecraft.server.MinecraftServer.func_213205_aW(MinecraftServer.java:717) ~[?:?]
	at net.minecraft.server.MinecraftServer.func_213168_p(MinecraftServer.java:711) ~[?:?]
	at net.minecraft.util.concurrent.ThreadTaskExecutor.func_213160_bf(SourceFile:103) ~[?:?]
	at net.minecraft.server.MinecraftServer.func_213202_o(MinecraftServer.java:696) ~[?:?]
	at net.minecraft.server.MinecraftServer.func_240802_v_(MinecraftServer.java:646) ~[?:?]
	at net.minecraft.server.MinecraftServer.func_240783_a_(MinecraftServer.java:232) ~[?:?]
	at java.lang.Thread.run(Thread.java:748) [?:1.8.0_312]
[05Feb2022 19:02:15.257] [Server thread/INFO] [net.minecraft.server.dedicated.DedicatedServer/]: antoniellocringe has made the advancement [Suit Up]
[05Feb2022 19:03:24.166] [Netty Epoll Server IO #6/ERROR] [net.minecraft.command.arguments.ArgumentTypes/]: Could not serialize forestry.core.commands.CommandModules$CommandPluginsInfo$ModuleArgument@1e094a77 (class forestry.core.commands.CommandModules$CommandPluginsInfo$ModuleArgument) - will not be sent to client!
[05Feb2022 19:03:37.668] [Netty Epoll Server IO #6/ERROR] [net.minecraft.command.arguments.ArgumentTypes/]: Could not serialize forestry.core.commands.CommandModules$CommandPluginsInfo$ModuleArgument@1e094a77 (class forestry.core.commands.CommandModules$CommandPluginsInfo$ModuleArgument) - will not be sent to client!
[05Feb2022 19:04:47.468] [Netty Epoll Server IO #6/ERROR] [net.minecraft.command.arguments.ArgumentTypes/]: Could not serialize forestry.core.commands.CommandModules$CommandPluginsInfo$ModuleArgument@1e094a77 (class forestry.core.commands.CommandModules$CommandPluginsInfo$ModuleArgument) - will not be sent to client!
[05Feb2022 19:05:46.521] [Netty Epoll Server IO #6/ERROR] [net.minecraft.command.arguments.ArgumentTypes/]: Could not serialize forestry.core.commands.CommandModules$CommandPluginsInfo$ModuleArgument@1e094a77 (class forestry.core.commands.CommandModules$CommandPluginsInfo$ModuleArgument) - will not be sent to client!
[05Feb2022 19:05:46.565] [Server thread/WARN] [net.minecraft.world.TrackedEntity/]: Fetching packet for removed entity ItemEntity['Dirt'/124699, l='ServerLevel[world]', x=-9369.81, y=65.00, z=-520.82]
[05Feb2022 19:05:46.566] [Server thread/WARN] [net.minecraft.world.TrackedEntity/]: Fetching packet for removed entity ItemEntity['Dirt'/124715, l='ServerLevel[world]', x=-9368.62, y=65.00, z=-520.15]
[05Feb2022 19:05:58.966] [Server thread/INFO] [net.minecraft.network.play.ServerPlayNetHandler/]: antoniellocringe lost connection: Disconnected
[05Feb2022 19:05:58.966] [Server thread/INFO] [net.minecraft.server.dedicated.DedicatedServer/]: antoniellocringe left the game
[05Feb2022 19:06:59.224] [Netty Epoll Server IO #6/ERROR] [net.minecraft.command.arguments.ArgumentTypes/]: Could not serialize forestry.core.commands.CommandModules$CommandPluginsInfo$ModuleArgument@1e094a77 (class forestry.core.commands.CommandModules$CommandPluginsInfo$ModuleArgument) - will not be sent to client!
[05Feb2022 19:08:17.551] [Netty Epoll Server IO #2/INFO] [codechicken.lib.config.ConfigSyncManager/]: Skipping config sync, No mods have registered a syncable config.
[05Feb2022 19:08:20.117] [Server thread/INFO] [net.minecraftforge.common.AdvancementLoadFix/]: Using new advancement loading for net.minecraft.advancements.PlayerAdvancements@7de35cef
[05Feb2022 19:08:20.125] [Server thread/INFO] [net.minecraft.server.management.PlayerList/]: antoniellocringe[/5.227.29.110:59446] logged in with entity id 126214 at (-224.22963335944092, 73.0, 49.18354989602172)
[05Feb2022 19:08:20.128] [Server thread/INFO] [net.minecraft.server.dedicated.DedicatedServer/]: antoniellocringe joined the game
[05Feb2022 19:08:20.216] [Netty Epoll Server IO #2/ERROR] [net.minecraft.command.arguments.ArgumentTypes/]: Could not serialize forestry.core.commands.CommandModules$CommandPluginsInfo$ModuleArgument@1e094a77 (class forestry.core.commands.CommandModules$CommandPluginsInfo$ModuleArgument) - will not be sent to client!
[05Feb2022 19:10:33.463] [Netty Epoll Server IO #2/ERROR] [net.minecraft.command.arguments.ArgumentTypes/]: Could not serialize forestry.core.commands.CommandModules$CommandPluginsInfo$ModuleArgument@1e094a77 (class forestry.core.commands.CommandModules$CommandPluginsInfo$ModuleArgument) - will not be sent to client!
[05Feb2022 19:14:35.027] [Server thread/INFO] [net.minecraft.server.dedicated.DedicatedServer/]: Leksa2022 walked into fire whilst fighting Skeleton
[05Feb2022 19:14:37.016] [Netty Epoll Server IO #6/ERROR] [net.minecraft.command.arguments.ArgumentTypes/]: Could not serialize forestry.core.commands.CommandModules$CommandPluginsInfo$ModuleArgument@1e094a77 (class forestry.core.commands.CommandModules$CommandPluginsInfo$ModuleArgument) - will not be sent to client!
[05Feb2022 19:19:30.671] [Netty Epoll Server IO #2/ERROR] [net.minecraft.command.arguments.ArgumentTypes/]: Could not serialize forestry.core.commands.CommandModules$CommandPluginsInfo$ModuleArgument@1e094a77 (class forestry.core.commands.CommandModules$CommandPluginsInfo$ModuleArgument) - will not be sent to client!
[05Feb2022 19:19:30.788] [Server thread/INFO] [net.minecraft.server.dedicated.DedicatedServer/]: antoniellocringe has completed the challenge [Subspace Bubble]
[05Feb2022 19:22:37.395] [Server thread/WARN] [net.minecraft.network.play.ServerPlayNetHandler/]: hardw3q moved too quickly! -1.4866664268582497,9.976636680750573,1.7536413172198273
[05Feb2022 19:23:36.770] [Netty Epoll Server IO #2/ERROR] [net.minecraft.command.arguments.ArgumentTypes/]: Could not serialize forestry.core.commands.CommandModules$CommandPluginsInfo$ModuleArgument@1e094a77 (class forestry.core.commands.CommandModules$CommandPluginsInfo$ModuleArgument) - will not be sent to client!
[05Feb2022 19:23:39.448] [Netty Epoll Server IO #6/ERROR] [net.minecraft.command.arguments.ArgumentTypes/]: Could not serialize forestry.core.commands.CommandModules$CommandPluginsInfo$ModuleArgument@1e094a77 (class forestry.core.commands.CommandModules$CommandPluginsInfo$ModuleArgument) - will not be sent to client!
[05Feb2022 19:29:47.707] [Netty Epoll Server IO #7/INFO] [codechicken.lib.config.ConfigSyncManager/]: Skipping config sync, No mods have registered a syncable config.
[05Feb2022 19:29:51.425] [Server thread/INFO] [net.minecraftforge.common.AdvancementLoadFix/]: Using new advancement loading for net.minecraft.advancements.PlayerAdvancements@76b8f9e5
[05Feb2022 19:29:51.429] [Server thread/INFO] [net.minecraft.server.management.PlayerList/]: NIFFRIS_202[/89.109.47.158:2945] logged in with entity id 141152 at (-200.5, 65.0, 21.5)
[05Feb2022 19:29:51.432] [Server thread/INFO] [net.minecraft.server.dedicated.DedicatedServer/]: NIFFRIS_202 joined the game
[05Feb2022 19:29:51.524] [Netty Epoll Server IO #7/ERROR] [net.minecraft.command.arguments.ArgumentTypes/]: Could not serialize forestry.core.commands.CommandModules$CommandPluginsInfo$ModuleArgument@1e094a77 (class forestry.core.commands.CommandModules$CommandPluginsInfo$ModuleArgument) - will not be sent to client!
[05Feb2022 19:30:10.878] [Server thread/INFO] [net.minecraft.server.dedicated.DedicatedServer/]: <antoniellocringe>     NIFFRIS_202
[05Feb2022 19:30:52.455] [Server thread/INFO] [net.minecraft.server.dedicated.DedicatedServer/]: NIFFRIS_202 was slain by Zombie
[05Feb2022 19:31:02.465] [Netty Epoll Server IO #7/ERROR] [net.minecraft.command.arguments.ArgumentTypes/]: Could not serialize forestry.core.commands.CommandModules$CommandPluginsInfo$ModuleArgument@1e094a77 (class forestry.core.commands.CommandModules$CommandPluginsInfo$ModuleArgument) - will not be sent to client!
[05Feb2022 19:31:28.568] [Server thread/INFO] [net.minecraft.server.dedicated.DedicatedServer/]: <antoniellocringe>     NIFFRIS_202
[05Feb2022 19:32:46.620] [Server thread/INFO] [net.minecraft.network.play.ServerPlayNetHandler/]: NIFFRIS_202 lost connection: Disconnected
[05Feb2022 19:32:46.620] [Server thread/INFO] [net.minecraft.server.dedicated.DedicatedServer/]: NIFFRIS_202 left the game
[05Feb2022 19:35:10.663] [Server thread/INFO] [net.minecraft.server.dedicated.DedicatedServer/]: antoniellocringe withered away whilst fighting Wither Skeleton
[05Feb2022 19:35:13.971] [Server thread/INFO] [net.minecraft.server.dedicated.DedicatedServer/]: [hardw3q: Teleported hardw3q to -215.5, 66.0, 7.5]
[05Feb2022 19:35:16.986] [Netty Epoll Server IO #2/ERROR] [net.minecraft.command.arguments.ArgumentTypes/]: Could not serialize forestry.core.commands.CommandModules$CommandPluginsInfo$ModuleArgument@1e094a77 (class forestry.core.commands.CommandModules$CommandPluginsInfo$ModuleArgument) - will not be sent to client!
[05Feb2022 19:35:18.357] [Server thread/INFO] [net.minecraft.server.dedicated.DedicatedServer/]: Leksa2022 was fireballed by Blaze
[05Feb2022 19:35:23.266] [Netty Epoll Server IO #2/ERROR] [net.minecraft.command.arguments.ArgumentTypes/]: Could not serialize forestry.core.commands.CommandModules$CommandPluginsInfo$ModuleArgument@1e094a77 (class forestry.core.commands.CommandModules$CommandPluginsInfo$ModuleArgument) - will not be sent to client!
[05Feb2022 19:35:25.389] [Netty Epoll Server IO #6/ERROR] [net.minecraft.command.arguments.ArgumentTypes/]: Could not serialize forestry.core.commands.CommandModules$CommandPluginsInfo$ModuleArgument@1e094a77 (class forestry.core.commands.CommandModules$CommandPluginsInfo$ModuleArgument) - will not be sent to client!
[05Feb2022 19:35:33.930] [Netty Epoll Server IO #6/ERROR] [net.minecraft.command.arguments.ArgumentTypes/]: Could not serialize forestry.core.commands.CommandModules$CommandPluginsInfo$ModuleArgument@1e094a77 (class forestry.core.commands.CommandModules$CommandPluginsInfo$ModuleArgument) - will not be sent to client!
[05Feb2022 19:35:49.867] [Server thread/INFO] [net.minecraft.server.dedicated.DedicatedServer/]: antoniellocringe was doomed to fall
[05Feb2022 19:35:51.470] [Netty Epoll Server IO #2/ERROR] [net.minecraft.command.arguments.ArgumentTypes/]: Could not serialize forestry.core.commands.CommandModules$CommandPluginsInfo$ModuleArgument@1e094a77 (class forestry.core.commands.CommandModules$CommandPluginsInfo$ModuleArgument) - will not be sent to client!
[05Feb2022 19:47:15.881] [Server thread/INFO] [net.minecraft.network.play.ServerPlayNetHandler/]: Leksa2022 lost connection: Disconnected
[05Feb2022 19:47:15.882] [Server thread/INFO] [net.minecraft.server.dedicated.DedicatedServer/]: Leksa2022 left the game
[05Feb2022 19:47:22.330] [Server thread/INFO] [net.minecraft.server.dedicated.DedicatedServer/]: [hardw3q: Saved the game]
[05Feb2022 19:47:50.657] [Server thread/INFO] [net.minecraft.server.dedicated.DedicatedServer/]: hardw3q was slain by Zombie
[05Feb2022 19:48:04.864] [Server thread/INFO] [net.minecraft.server.dedicated.DedicatedServer/]: Stopping the server
[05Feb2022 19:48:04.930] [Server thread/INFO] [Dynmap/]: [Dynmap] Unloaded 11 components.
[05Feb2022 19:48:04.931] [Server thread/INFO] [Dynmap/]: [Dynmap] Stopping map renderer...
[05Feb2022 19:48:04.935] [Server thread/INFO] [Dynmap/]: [Dynmap] Saved 8541 pending tile renders in world 'world'
[05Feb2022 19:48:04.972] [Server thread/INFO] [Dynmap/]: [Dynmap] Saved 8295 pending tile renders in world 'DIM-1'
[05Feb2022 19:48:04.988] [Server thread/INFO] [Dynmap/]: [Dynmap] Disabled
[05Feb2022 19:48:04.989] [Server thread/INFO] [net.minecraft.server.MinecraftServer/]: Stopping server
[05Feb2022 19:48:04.990] [Server thread/INFO] [net.minecraft.server.MinecraftServer/]: Saving players
[05Feb2022 19:48:05.006] [Server thread/INFO] [net.minecraft.server.MinecraftServer/]: Saving worlds
[05Feb2022 19:48:05.006] [Server thread/INFO] [net.minecraft.server.MinecraftServer/]: Saving chunks for level 'ServerLevel[world]'/minecraft:overworld
[05Feb2022 19:48:06.073] [Server thread/INFO] [net.minecraft.world.server.ChunkManager/]: ThreadedAnvilChunkStorage (world): All chunks are saved
[05Feb2022 19:48:06.073] [Server thread/INFO] [net.minecraft.server.MinecraftServer/]: Saving chunks for level 'ServerLevel[world]'/minecraft:the_nether
[05Feb2022 19:48:06.075] [Server thread/INFO] [net.minecraft.world.server.ChunkManager/]: ThreadedAnvilChunkStorage (DIM-1): All chunks are saved
[05Feb2022 19:48:06.076] [Server thread/INFO] [net.minecraft.server.MinecraftServer/]: Saving chunks for level 'ServerLevel[world]'/minecraft:the_end
[05Feb2022 19:48:06.076] [Server thread/INFO] [net.minecraft.world.server.ChunkManager/]: ThreadedAnvilChunkStorage (DIM1): All chunks are saved
[05Feb2022 19:48:06.076] [Server thread/INFO] [net.minecraft.server.MinecraftServer/]: Saving chunks for level 'ServerLevel[world]'/appliedenergistics2:spatial_storage
[05Feb2022 19:48:06.076] [Server thread/INFO] [net.minecraft.world.server.ChunkManager/]: ThreadedAnvilChunkStorage (spatial_storage): All chunks are saved
[05Feb2022 19:48:06.129] [Server thread/INFO] [net.minecraft.world.server.ChunkManager/]: ThreadedAnvilChunkStorage (world): All chunks are saved
[05Feb2022 19:48:06.230] [Server thread/INFO] [net.minecraft.world.server.ChunkManager/]: ThreadedAnvilChunkStorage (DIM-1): All chunks are saved
[05Feb2022 19:48:06.271] [Server thread/INFO] [net.minecraft.world.server.ChunkManager/]: ThreadedAnvilChunkStorage (DIM1): All chunks are saved
[05Feb2022 19:48:06.271] [Server thread/INFO] [net.minecraft.world.server.ChunkManager/]: ThreadedAnvilChunkStorage (spatial_storage): All chunks are saved
