[07:20:01] [modloading-worker-0/INFO] Registered plugin provider DefaultPlugin [roughlyenoughitems] for REIServerPlugin
[07:20:01] [modloading-worker-0/INFO] Registered plugin provider DefaultPlugin [roughlyenoughitems] for REIPlugin
[07:20:01] [modloading-worker-0/INFO] Registered plugin provider DefaultRuntimePlugin [roughlyenoughitems] for REIServerPlugin
[07:20:01] [modloading-worker-0/INFO] Registered plugin provider DefaultRuntimePlugin [roughlyenoughitems] for REIPlugin
[07:20:01] [modloading-worker-0/INFO] Registered plugin provider JEIExtraPlugin [roughlyenoughitems] for REIServerPlugin
[07:20:01] [modloading-worker-0/INFO] Registered plugin provider JEIExtraPlugin [roughlyenoughitems] for REIPlugin
[07:20:52] [Worker-Main-5/DEBUG] [START] Reloading Section: "pre-register/"
[07:20:52] [Worker-Main-5/DEBUG] [START] Reloading Section: "pre-register/DefaultPlugin [roughlyenoughitems]/"
[07:20:52] [Worker-Main-5/DEBUG] [START] Reloading Section: "pre-register/DefaultPlugin [roughlyenoughitems]/" done in 5.594 ms
[07:20:52] [Worker-Main-5/DEBUG] [START] Reloading Section: "pre-register/JEIExtraPlugin [roughlyenoughitems]/"
[07:20:52] [Worker-Main-5/DEBUG] [START] Reloading Section: "pre-register/JEIExtraPlugin [roughlyenoughitems]/" done in 29.75 μs
[07:20:52] [Worker-Main-5/DEBUG] [START] Reloading Section: "pre-register/DefaultRuntimePlugin [roughlyenoughitems]/"
[07:20:52] [Worker-Main-5/DEBUG] [START] Reloading Section: "pre-register/DefaultRuntimePlugin [roughlyenoughitems]/" done in 24.65 μs
[07:20:52] [Worker-Main-5/DEBUG] [START] Reloading Section: "pre-register/" done in 119.2 ms
[07:20:52] [Worker-Main-5/DEBUG] [START] Reloading Section: "pre-register/"
[07:20:52] [Worker-Main-5/DEBUG] [START] Reloading Section: "pre-register/DefaultPlugin [roughlyenoughitems]/"
[07:20:52] [Worker-Main-5/DEBUG] [START] Reloading Section: "pre-register/DefaultPlugin [roughlyenoughitems]/" done in 199.9 μs
[07:20:52] [Worker-Main-5/DEBUG] [START] Reloading Section: "pre-register/JEIExtraPlugin [roughlyenoughitems]/"
[07:20:52] [Worker-Main-5/DEBUG] [START] Reloading Section: "pre-register/JEIExtraPlugin [roughlyenoughitems]/" done in 17.81 μs
[07:20:52] [Worker-Main-5/DEBUG] [START] Reloading Section: "pre-register/DefaultRuntimePlugin [roughlyenoughitems]/"
[07:20:52] [Worker-Main-5/DEBUG] [START] Reloading Section: "pre-register/DefaultRuntimePlugin [roughlyenoughitems]/" done in 16.66 μs
[07:20:52] [Worker-Main-5/DEBUG] [START] Reloading Section: "pre-register/" done in 5.570 ms
[07:20:52] [Worker-Main-5/DEBUG] [START] Reloading Section: "start-reload/"
[07:20:52] [Worker-Main-5/DEBUG] [START] Reloading Section: "start-reload/EntryTypeRegistryImpl/"
[07:20:52] [Worker-Main-5/DEBUG] [START] Reloading Section: "start-reload/EntryTypeRegistryImpl/" done in 2.637 ms
[07:20:52] [Worker-Main-5/DEBUG] [START] Reloading Section: "start-reload/EntrySettingsAdapterRegistryImpl/"
[07:20:52] [Worker-Main-5/DEBUG] [START] Reloading Section: "start-reload/EntrySettingsAdapterRegistryImpl/" done in 45.54 μs
[07:20:52] [Worker-Main-5/DEBUG] [START] Reloading Section: "start-reload/RecipeManagerContextImpl/"
[07:20:52] [Worker-Main-5/DEBUG] [START] Reloading Section: "start-reload/RecipeManagerContextImpl/" done in 34.79 μs
[07:20:52] [Worker-Main-5/DEBUG] [START] Reloading Section: "start-reload/ItemComparatorRegistryImpl/"
[07:20:52] [Worker-Main-5/DEBUG] [START] Reloading Section: "start-reload/ItemComparatorRegistryImpl/" done in 129.2 μs
[07:20:52] [Worker-Main-5/DEBUG] [START] Reloading Section: "start-reload/FluidComparatorRegistryImpl/"
[07:20:52] [Worker-Main-5/DEBUG] [START] Reloading Section: "start-reload/FluidComparatorRegistryImpl/" done in 21.41 μs
[07:20:52] [Worker-Main-5/DEBUG] [START] Reloading Section: "start-reload/DisplaySerializerRegistryImpl/"
[07:20:52] [Worker-Main-5/DEBUG] [START] Reloading Section: "start-reload/DisplaySerializerRegistryImpl/" done in 17.22 μs
[07:20:52] [Worker-Main-5/DEBUG] [START] Reloading Section: "start-reload/FluidSupportProviderImpl/"
[07:20:52] [Worker-Main-5/DEBUG] [START] Reloading Section: "start-reload/FluidSupportProviderImpl/" done in 229.2 μs
[07:20:52] [Worker-Main-5/DEBUG] [START] Reloading Section: "start-reload/" done in 9.179 ms
[07:20:52] [Worker-Main-5/INFO] Reloading Plugin Manager [REIPlugin] stage [START], registered 3 plugins: DefaultRuntimePlugin [roughlyenoughitems], JEIExtraPlugin [roughlyenoughitems], DefaultPlugin [roughlyenoughitems]
[07:20:52] [Worker-Main-5/DEBUG] [START] Reloading Section: "reloadable-plugin/EntryTypeRegistryImpl/"
[07:20:52] [Worker-Main-5/DEBUG] [START] Reloading Section: "reloadable-plugin/EntryTypeRegistryImpl/DefaultPlugin [roughlyenoughitems]/"
[07:20:52] [Worker-Main-5/DEBUG] [START] Reloading Section: "reloadable-plugin/EntryTypeRegistryImpl/DefaultPlugin [roughlyenoughitems]/" done in 224.5 μs
[07:20:52] [Worker-Main-5/DEBUG] [START] Reloading Section: "reloadable-plugin/EntryTypeRegistryImpl/JEIExtraPlugin [roughlyenoughitems]/"
[07:20:52] [Worker-Main-5/DEBUG] [START] Reloading Section: "reloadable-plugin/EntryTypeRegistryImpl/JEIExtraPlugin [roughlyenoughitems]/" done in 22.04 μs
[07:20:52] [Worker-Main-5/DEBUG] [START] Reloading Section: "reloadable-plugin/EntryTypeRegistryImpl/DefaultRuntimePlugin [roughlyenoughitems]/"
[07:20:52] [Worker-Main-5/DEBUG] [START] Reloading Section: "reloadable-plugin/EntryTypeRegistryImpl/DefaultRuntimePlugin [roughlyenoughitems]/" done in 53.80 ms
[07:20:52] [Worker-Main-5/DEBUG] [START] Reloading Section: "reloadable-plugin/EntryTypeRegistryImpl/" done in 58.94 ms
[07:20:52] [Worker-Main-5/DEBUG] [START] Reloading Section: "reloadable-plugin/EntrySettingsAdapterRegistryImpl/"
[07:20:52] [Worker-Main-5/DEBUG] [START] Reloading Section: "reloadable-plugin/EntrySettingsAdapterRegistryImpl/DefaultPlugin [roughlyenoughitems]/"
[07:20:52] [Worker-Main-5/DEBUG] [START] Reloading Section: "reloadable-plugin/EntrySettingsAdapterRegistryImpl/DefaultPlugin [roughlyenoughitems]/" done in 103.0 μs
[07:20:52] [Worker-Main-5/DEBUG] [START] Reloading Section: "reloadable-plugin/EntrySettingsAdapterRegistryImpl/JEIExtraPlugin [roughlyenoughitems]/"
[07:20:52] [Worker-Main-5/DEBUG] [START] Reloading Section: "reloadable-plugin/EntrySettingsAdapterRegistryImpl/JEIExtraPlugin [roughlyenoughitems]/" done in 20.52 μs
[07:20:52] [Worker-Main-5/DEBUG] [START] Reloading Section: "reloadable-plugin/EntrySettingsAdapterRegistryImpl/DefaultRuntimePlugin [roughlyenoughitems]/"
[07:20:52] [Worker-Main-5/DEBUG] [START] Reloading Section: "reloadable-plugin/EntrySettingsAdapterRegistryImpl/DefaultRuntimePlugin [roughlyenoughitems]/" done in 101.6 μs
[07:20:52] [Worker-Main-5/DEBUG] [START] Reloading Section: "reloadable-plugin/EntrySettingsAdapterRegistryImpl/" done in 3.150 ms
[07:20:52] [Worker-Main-5/DEBUG] [START] Reloading Section: "reloadable-plugin/RecipeManagerContextImpl/"
[07:20:52] [Worker-Main-5/DEBUG] [START] Reloading Section: "reloadable-plugin/RecipeManagerContextImpl/DefaultPlugin [roughlyenoughitems]/"
[07:20:52] [Worker-Main-5/DEBUG] [START] Reloading Section: "reloadable-plugin/RecipeManagerContextImpl/DefaultPlugin [roughlyenoughitems]/" done in 15.53 μs
[07:20:52] [Worker-Main-5/DEBUG] [START] Reloading Section: "reloadable-plugin/RecipeManagerContextImpl/JEIExtraPlugin [roughlyenoughitems]/"
[07:20:52] [Worker-Main-5/DEBUG] [START] Reloading Section: "reloadable-plugin/RecipeManagerContextImpl/JEIExtraPlugin [roughlyenoughitems]/" done in 34.35 μs
[07:20:52] [Worker-Main-5/DEBUG] [START] Reloading Section: "reloadable-plugin/RecipeManagerContextImpl/DefaultRuntimePlugin [roughlyenoughitems]/"
[07:20:52] [Worker-Main-5/DEBUG] [START] Reloading Section: "reloadable-plugin/RecipeManagerContextImpl/DefaultRuntimePlugin [roughlyenoughitems]/" done in 31.84 μs
[07:20:52] [Worker-Main-5/DEBUG] [START] Reloading Section: "reloadable-plugin/RecipeManagerContextImpl/" done in 1.494 ms
[07:20:52] [Worker-Main-5/DEBUG] [START] Reloading Section: "reloadable-plugin/ItemComparatorRegistryImpl/"
[07:20:52] [Worker-Main-5/DEBUG] [START] Reloading Section: "reloadable-plugin/ItemComparatorRegistryImpl/DefaultPlugin [roughlyenoughitems]/"
[07:20:52] [Worker-Main-5/DEBUG] [START] Reloading Section: "reloadable-plugin/ItemComparatorRegistryImpl/DefaultPlugin [roughlyenoughitems]/" done in 1.859 ms
[07:20:52] [Worker-Main-5/DEBUG] [START] Reloading Section: "reloadable-plugin/ItemComparatorRegistryImpl/JEIExtraPlugin [roughlyenoughitems]/"
[07:20:52] [Worker-Main-5/DEBUG] [START] Reloading Section: "reloadable-plugin/ItemComparatorRegistryImpl/JEIExtraPlugin [roughlyenoughitems]/" done in 33.73 μs
[07:20:52] [Worker-Main-5/DEBUG] [START] Reloading Section: "reloadable-plugin/ItemComparatorRegistryImpl/DefaultRuntimePlugin [roughlyenoughitems]/"
[07:20:52] [Worker-Main-5/DEBUG] [START] Reloading Section: "reloadable-plugin/ItemComparatorRegistryImpl/DefaultRuntimePlugin [roughlyenoughitems]/" done in 43.22 μs
[07:20:52] [Worker-Main-5/DEBUG] [START] Reloading Section: "reloadable-plugin/ItemComparatorRegistryImpl/" done in 3.853 ms
[07:20:52] [Worker-Main-5/DEBUG] [START] Reloading Section: "reloadable-plugin/FluidComparatorRegistryImpl/"
[07:20:52] [Worker-Main-5/DEBUG] [START] Reloading Section: "reloadable-plugin/FluidComparatorRegistryImpl/DefaultPlugin [roughlyenoughitems]/"
[07:20:52] [Worker-Main-5/DEBUG] [START] Reloading Section: "reloadable-plugin/FluidComparatorRegistryImpl/DefaultPlugin [roughlyenoughitems]/" done in 52.10 μs
[07:20:52] [Worker-Main-5/DEBUG] [START] Reloading Section: "reloadable-plugin/FluidComparatorRegistryImpl/JEIExtraPlugin [roughlyenoughitems]/"
[07:20:52] [Worker-Main-5/DEBUG] [START] Reloading Section: "reloadable-plugin/FluidComparatorRegistryImpl/JEIExtraPlugin [roughlyenoughitems]/" done in 14.25 μs
[07:20:52] [Worker-Main-5/DEBUG] [START] Reloading Section: "reloadable-plugin/FluidComparatorRegistryImpl/DefaultRuntimePlugin [roughlyenoughitems]/"
[07:20:52] [Worker-Main-5/DEBUG] [START] Reloading Section: "reloadable-plugin/FluidComparatorRegistryImpl/DefaultRuntimePlugin [roughlyenoughitems]/" done in 32.62 μs
[07:20:52] [Worker-Main-5/DEBUG] [START] Reloading Section: "reloadable-plugin/FluidComparatorRegistryImpl/" done in 1.897 ms
[07:20:52] [Worker-Main-5/DEBUG] [START] Reloading Section: "reloadable-plugin/DisplaySerializerRegistryImpl/"
[07:20:52] [Worker-Main-5/DEBUG] [START] Reloading Section: "reloadable-plugin/DisplaySerializerRegistryImpl/DefaultPlugin [roughlyenoughitems]/"
[07:20:52] [Worker-Main-5/DEBUG] [START] Reloading Section: "reloadable-plugin/DisplaySerializerRegistryImpl/DefaultPlugin [roughlyenoughitems]/" done in 20.06 μs
[07:20:52] [Worker-Main-5/DEBUG] [START] Reloading Section: "reloadable-plugin/DisplaySerializerRegistryImpl/JEIExtraPlugin [roughlyenoughitems]/"
[07:20:52] [Worker-Main-5/DEBUG] [START] Reloading Section: "reloadable-plugin/DisplaySerializerRegistryImpl/JEIExtraPlugin [roughlyenoughitems]/" done in 13.74 μs
[07:20:52] [Worker-Main-5/DEBUG] [START] Reloading Section: "reloadable-plugin/DisplaySerializerRegistryImpl/DefaultRuntimePlugin [roughlyenoughitems]/"
[07:20:52] [Worker-Main-5/DEBUG] [START] Reloading Section: "reloadable-plugin/DisplaySerializerRegistryImpl/DefaultRuntimePlugin [roughlyenoughitems]/" done in 14.69 μs
[07:20:52] [Worker-Main-5/DEBUG] [START] Reloading Section: "reloadable-plugin/DisplaySerializerRegistryImpl/" done in 7.435 ms
[07:20:52] [Worker-Main-5/DEBUG] [START] Reloading Section: "reloadable-plugin/FluidSupportProviderImpl/"
[07:20:52] [Worker-Main-5/DEBUG] [START] Reloading Section: "reloadable-plugin/FluidSupportProviderImpl/DefaultPlugin [roughlyenoughitems]/"
[07:20:52] [Worker-Main-5/DEBUG] [START] Reloading Section: "reloadable-plugin/FluidSupportProviderImpl/DefaultPlugin [roughlyenoughitems]/" done in 7.288 ms
[07:20:52] [Worker-Main-5/DEBUG] [START] Reloading Section: "reloadable-plugin/FluidSupportProviderImpl/JEIExtraPlugin [roughlyenoughitems]/"
[07:20:52] [Worker-Main-5/DEBUG] [START] Reloading Section: "reloadable-plugin/FluidSupportProviderImpl/JEIExtraPlugin [roughlyenoughitems]/" done in 107.5 μs
[07:20:52] [Worker-Main-5/DEBUG] [START] Reloading Section: "reloadable-plugin/FluidSupportProviderImpl/DefaultRuntimePlugin [roughlyenoughitems]/"
[07:20:52] [Worker-Main-5/DEBUG] [START] Reloading Section: "reloadable-plugin/FluidSupportProviderImpl/DefaultRuntimePlugin [roughlyenoughitems]/" done in 17.44 μs
[07:20:52] [Worker-Main-5/DEBUG] [START] Reloading Section: "reloadable-plugin/FluidSupportProviderImpl/" done in 10.46 ms
[07:20:52] [Worker-Main-5/DEBUG] [START] Reloading Section: "end-reload/"
[07:20:52] [Worker-Main-5/DEBUG] [START] Reloading Section: "end-reload/EntryTypeRegistryImpl/"
[07:20:52] [Worker-Main-5/DEBUG] [START] Reloading Section: "end-reload/EntryTypeRegistryImpl/" done in 31.84 μs
[07:20:52] [Worker-Main-5/DEBUG] [START] Reloading Section: "end-reload/EntrySettingsAdapterRegistryImpl/"
[07:20:52] [Worker-Main-5/DEBUG] [START] Reloading Section: "end-reload/EntrySettingsAdapterRegistryImpl/" done in 103.2 μs
[07:20:52] [Worker-Main-5/DEBUG] [START] Reloading Section: "end-reload/RecipeManagerContextImpl/"
[07:20:52] [Worker-Main-5/DEBUG] [START] Reloading Section: "end-reload/RecipeManagerContextImpl/" done in 17.11 μs
[07:20:52] [Worker-Main-5/DEBUG] [START] Reloading Section: "end-reload/ItemComparatorRegistryImpl/"
[07:20:52] [Worker-Main-5/DEBUG] [START] Reloading Section: "end-reload/ItemComparatorRegistryImpl/" done in 22.60 μs
[07:20:52] [Worker-Main-5/DEBUG] [START] Reloading Section: "end-reload/FluidComparatorRegistryImpl/"
[07:20:52] [Worker-Main-5/DEBUG] [START] Reloading Section: "end-reload/FluidComparatorRegistryImpl/" done in 17.57 μs
[07:20:52] [Worker-Main-5/DEBUG] [START] Reloading Section: "end-reload/DisplaySerializerRegistryImpl/"
[07:20:52] [Worker-Main-5/DEBUG] [START] Reloading Section: "end-reload/DisplaySerializerRegistryImpl/" done in 97.04 μs
[07:20:52] [Worker-Main-5/DEBUG] [START] Reloading Section: "end-reload/FluidSupportProviderImpl/"
[07:20:52] [Worker-Main-5/DEBUG] [START] Reloading Section: "end-reload/FluidSupportProviderImpl/" done in 106.6 μs
[07:20:52] [Worker-Main-5/DEBUG] [START] Reloading Section: "end-reload/" done in 7.845 ms
[07:20:52] [Worker-Main-5/INFO] Reloaded Plugin Manager [REIPlugin] with 2 entry types, 5 item comparators, 0 fluid comparators and 2 fluid support providers in 135ms.
[07:20:52] [Worker-Main-5/DEBUG] [START] Reloading Section: "start-reload/"
[07:20:52] [Worker-Main-5/DEBUG] [START] Reloading Section: "start-reload/MenuInfoRegistryImpl/"
[07:20:52] [Worker-Main-5/DEBUG] [START] Reloading Section: "start-reload/MenuInfoRegistryImpl/" done in 18.11 μs
[07:20:52] [Worker-Main-5/DEBUG] [START] Reloading Section: "start-reload/" done in 1.028 ms
[07:20:52] [Worker-Main-5/INFO] Reloading Plugin Manager [REIServerPlugin] stage [START], registered 3 plugins: DefaultRuntimePlugin [roughlyenoughitems], JEIExtraPlugin [roughlyenoughitems], DefaultPlugin [roughlyenoughitems]
[07:20:52] [Worker-Main-5/DEBUG] [START] Reloading Section: "reloadable-plugin/MenuInfoRegistryImpl/"
[07:20:52] [Worker-Main-5/DEBUG] [START] Reloading Section: "reloadable-plugin/MenuInfoRegistryImpl/DefaultPlugin [roughlyenoughitems]/"
[07:20:52] [Worker-Main-5/DEBUG] [START] Reloading Section: "reloadable-plugin/MenuInfoRegistryImpl/DefaultPlugin [roughlyenoughitems]/" done in 17.98 μs
[07:20:52] [Worker-Main-5/DEBUG] [START] Reloading Section: "reloadable-plugin/MenuInfoRegistryImpl/JEIExtraPlugin [roughlyenoughitems]/"
[07:20:52] [Worker-Main-5/DEBUG] [START] Reloading Section: "reloadable-plugin/MenuInfoRegistryImpl/JEIExtraPlugin [roughlyenoughitems]/" done in 16.31 μs
[07:20:52] [Worker-Main-5/DEBUG] [START] Reloading Section: "reloadable-plugin/MenuInfoRegistryImpl/DefaultRuntimePlugin [roughlyenoughitems]/"
[07:20:52] [Worker-Main-5/DEBUG] [START] Reloading Section: "reloadable-plugin/MenuInfoRegistryImpl/DefaultRuntimePlugin [roughlyenoughitems]/" done in 16.06 μs
[07:20:52] [Worker-Main-5/DEBUG] [START] Reloading Section: "reloadable-plugin/MenuInfoRegistryImpl/" done in 4.704 ms
[07:20:52] [Worker-Main-5/DEBUG] [START] Reloading Section: "end-reload/"
[07:20:52] [Worker-Main-5/DEBUG] [START] Reloading Section: "end-reload/MenuInfoRegistryImpl/"
[07:20:52] [Worker-Main-5/DEBUG] [START] Reloading Section: "end-reload/MenuInfoRegistryImpl/" done in 144.2 μs
[07:20:52] [Worker-Main-5/DEBUG] [START] Reloading Section: "end-reload/" done in 4.427 ms
[07:20:52] [Worker-Main-5/INFO] Reloaded Plugin Manager [REIServerPlugin] with 0 menu infos in 15ms.
[07:20:52] [Worker-Main-5/DEBUG] [START] Reloading Section: "post-register/"
[07:20:52] [Worker-Main-5/DEBUG] [START] Reloading Section: "post-register/DefaultPlugin [roughlyenoughitems]/"
[07:20:52] [Worker-Main-5/DEBUG] [START] Reloading Section: "post-register/DefaultPlugin [roughlyenoughitems]/" done in 125.4 μs
[07:20:52] [Worker-Main-5/DEBUG] [START] Reloading Section: "post-register/JEIExtraPlugin [roughlyenoughitems]/"
[07:20:52] [Worker-Main-5/DEBUG] [START] Reloading Section: "post-register/JEIExtraPlugin [roughlyenoughitems]/" done in 97.54 μs
[07:20:52] [Worker-Main-5/DEBUG] [START] Reloading Section: "post-register/DefaultRuntimePlugin [roughlyenoughitems]/"
[07:20:52] [Worker-Main-5/DEBUG] [START] Reloading Section: "post-register/DefaultRuntimePlugin [roughlyenoughitems]/" done in 15.47 μs
[07:20:52] [Worker-Main-5/DEBUG] [START] Reloading Section: "post-register/" done in 4.825 ms
[07:20:52] [Worker-Main-5/DEBUG] [START] Reloading Section: "post-register/"
[07:20:52] [Worker-Main-5/DEBUG] [START] Reloading Section: "post-register/DefaultPlugin [roughlyenoughitems]/"
[07:20:52] [Worker-Main-5/DEBUG] [START] Reloading Section: "post-register/DefaultPlugin [roughlyenoughitems]/" done in 13.02 μs
[07:20:52] [Worker-Main-5/DEBUG] [START] Reloading Section: "post-register/JEIExtraPlugin [roughlyenoughitems]/"
[07:20:52] [Worker-Main-5/DEBUG] [START] Reloading Section: "post-register/JEIExtraPlugin [roughlyenoughitems]/" done in 13.53 μs
[07:20:52] [Worker-Main-5/DEBUG] [START] Reloading Section: "post-register/DefaultRuntimePlugin [roughlyenoughitems]/"
[07:20:52] [Worker-Main-5/DEBUG] [START] Reloading Section: "post-register/DefaultRuntimePlugin [roughlyenoughitems]/" done in 13.27 μs
[07:20:52] [Worker-Main-5/DEBUG] [START] Reloading Section: "post-register/" done in 3.612 ms
[07:20:52] [Worker-Main-5/DEBUG] [END] Reloading Section: "pre-register/"
[07:20:52] [Worker-Main-5/DEBUG] [END] Reloading Section: "pre-register/DefaultPlugin [roughlyenoughitems]/"
[07:20:52] [Worker-Main-5/DEBUG] [END] Reloading Section: "pre-register/DefaultPlugin [roughlyenoughitems]/" done in 15.97 μs
[07:20:52] [Worker-Main-5/DEBUG] [END] Reloading Section: "pre-register/JEIExtraPlugin [roughlyenoughitems]/"
[07:20:52] [Worker-Main-5/DEBUG] [END] Reloading Section: "pre-register/JEIExtraPlugin [roughlyenoughitems]/" done in 13.67 μs
[07:20:52] [Worker-Main-5/DEBUG] [END] Reloading Section: "pre-register/DefaultRuntimePlugin [roughlyenoughitems]/"
[07:20:52] [Worker-Main-5/DEBUG] [END] Reloading Section: "pre-register/DefaultRuntimePlugin [roughlyenoughitems]/" done in 13.29 μs
[07:20:52] [Worker-Main-5/DEBUG] [END] Reloading Section: "pre-register/" done in 2.301 ms
[07:20:52] [Worker-Main-5/DEBUG] [END] Reloading Section: "pre-register/"
[07:20:52] [Worker-Main-5/DEBUG] [END] Reloading Section: "pre-register/DefaultPlugin [roughlyenoughitems]/"
[07:20:52] [Worker-Main-5/DEBUG] [END] Reloading Section: "pre-register/DefaultPlugin [roughlyenoughitems]/" done in 91.41 μs
[07:20:52] [Worker-Main-5/DEBUG] [END] Reloading Section: "pre-register/JEIExtraPlugin [roughlyenoughitems]/"
[07:20:52] [Worker-Main-5/DEBUG] [END] Reloading Section: "pre-register/JEIExtraPlugin [roughlyenoughitems]/" done in 93.32 μs
[07:20:52] [Worker-Main-5/DEBUG] [END] Reloading Section: "pre-register/DefaultRuntimePlugin [roughlyenoughitems]/"
[07:20:52] [Worker-Main-5/DEBUG] [END] Reloading Section: "pre-register/DefaultRuntimePlugin [roughlyenoughitems]/" done in 12.96 μs
[07:20:52] [Worker-Main-5/DEBUG] [END] Reloading Section: "pre-register/" done in 2.068 ms
[07:20:52] [Worker-Main-5/DEBUG] [END] Reloading Section: "start-reload/"
[07:20:52] [Worker-Main-5/DEBUG] [END] Reloading Section: "start-reload/EntryTypeRegistryImpl/"
[07:20:52] [Worker-Main-5/DEBUG] [END] Reloading Section: "start-reload/EntryTypeRegistryImpl/" done in 16.41 μs
[07:20:52] [Worker-Main-5/DEBUG] [END] Reloading Section: "start-reload/EntrySettingsAdapterRegistryImpl/"
[07:20:52] [Worker-Main-5/DEBUG] [END] Reloading Section: "start-reload/EntrySettingsAdapterRegistryImpl/" done in 36.27 μs
[07:20:52] [Worker-Main-5/DEBUG] [END] Reloading Section: "start-reload/RecipeManagerContextImpl/"
[07:20:52] [Worker-Main-5/DEBUG] [END] Reloading Section: "start-reload/RecipeManagerContextImpl/" done in 97.86 μs
[07:20:52] [Worker-Main-5/DEBUG] [END] Reloading Section: "start-reload/ItemComparatorRegistryImpl/"
[07:20:52] [Worker-Main-5/DEBUG] [END] Reloading Section: "start-reload/ItemComparatorRegistryImpl/" done in 14.41 μs
[07:20:52] [Worker-Main-5/DEBUG] [END] Reloading Section: "start-reload/FluidComparatorRegistryImpl/"
[07:20:52] [Worker-Main-5/DEBUG] [END] Reloading Section: "start-reload/FluidComparatorRegistryImpl/" done in 13.63 μs
[07:20:52] [Worker-Main-5/DEBUG] [END] Reloading Section: "start-reload/DisplaySerializerRegistryImpl/"
[07:20:52] [Worker-Main-5/DEBUG] [END] Reloading Section: "start-reload/DisplaySerializerRegistryImpl/" done in 115.7 μs
[07:20:52] [Worker-Main-5/DEBUG] [END] Reloading Section: "start-reload/FluidSupportProviderImpl/"
[07:20:52] [Worker-Main-5/DEBUG] [END] Reloading Section: "start-reload/FluidSupportProviderImpl/" done in 16.00 μs
[07:20:52] [Worker-Main-5/DEBUG] [END] Reloading Section: "start-reload/" done in 5.735 ms
[07:20:52] [Worker-Main-5/INFO] Reloading Plugin Manager [REIPlugin] stage [END], registered 3 plugins: DefaultRuntimePlugin [roughlyenoughitems], JEIExtraPlugin [roughlyenoughitems], DefaultPlugin [roughlyenoughitems]
[07:20:52] [Worker-Main-5/DEBUG] [END] Reloading Section: "reloadable-plugin/EntryTypeRegistryImpl/"
[07:20:52] [Worker-Main-5/DEBUG] [END] Reloading Section: "reloadable-plugin/EntryTypeRegistryImpl/DefaultPlugin [roughlyenoughitems]/"
[07:20:52] [Worker-Main-5/DEBUG] [END] Reloading Section: "reloadable-plugin/EntryTypeRegistryImpl/DefaultPlugin [roughlyenoughitems]/" done in 321.9 μs
[07:20:52] [Worker-Main-5/DEBUG] [END] Reloading Section: "reloadable-plugin/EntryTypeRegistryImpl/JEIExtraPlugin [roughlyenoughitems]/"
[07:20:52] [Worker-Main-5/DEBUG] [END] Reloading Section: "reloadable-plugin/EntryTypeRegistryImpl/JEIExtraPlugin [roughlyenoughitems]/" done in 15.06 μs
[07:20:52] [Worker-Main-5/DEBUG] [END] Reloading Section: "reloadable-plugin/EntryTypeRegistryImpl/DefaultRuntimePlugin [roughlyenoughitems]/"
[07:20:52] [Worker-Main-5/DEBUG] [END] Reloading Section: "reloadable-plugin/EntryTypeRegistryImpl/DefaultRuntimePlugin [roughlyenoughitems]/" done in 13.89 μs
[07:20:52] [Worker-Main-5/DEBUG] [END] Reloading Section: "reloadable-plugin/EntryTypeRegistryImpl/" done in 2.541 ms
[07:20:52] [Worker-Main-5/DEBUG] [END] Reloading Section: "reloadable-plugin/EntrySettingsAdapterRegistryImpl/"
[07:20:52] [Worker-Main-5/DEBUG] [END] Reloading Section: "reloadable-plugin/EntrySettingsAdapterRegistryImpl/DefaultPlugin [roughlyenoughitems]/"
[07:20:52] [Worker-Main-5/DEBUG] [END] Reloading Section: "reloadable-plugin/EntrySettingsAdapterRegistryImpl/DefaultPlugin [roughlyenoughitems]/" done in 112.4 μs
[07:20:52] [Worker-Main-5/DEBUG] [END] Reloading Section: "reloadable-plugin/EntrySettingsAdapterRegistryImpl/JEIExtraPlugin [roughlyenoughitems]/"
[07:20:52] [Worker-Main-5/DEBUG] [END] Reloading Section: "reloadable-plugin/EntrySettingsAdapterRegistryImpl/JEIExtraPlugin [roughlyenoughitems]/" done in 13.76 μs
[07:20:52] [Worker-Main-5/DEBUG] [END] Reloading Section: "reloadable-plugin/EntrySettingsAdapterRegistryImpl/DefaultRuntimePlugin [roughlyenoughitems]/"
[07:20:52] [Worker-Main-5/DEBUG] [END] Reloading Section: "reloadable-plugin/EntrySettingsAdapterRegistryImpl/DefaultRuntimePlugin [roughlyenoughitems]/" done in 13.20 μs
[07:20:52] [Worker-Main-5/DEBUG] [END] Reloading Section: "reloadable-plugin/EntrySettingsAdapterRegistryImpl/" done in 2.186 ms
[07:20:52] [Worker-Main-5/DEBUG] [END] Reloading Section: "reloadable-plugin/RecipeManagerContextImpl/"
[07:20:52] [Worker-Main-5/DEBUG] [END] Reloading Section: "reloadable-plugin/RecipeManagerContextImpl/DefaultPlugin [roughlyenoughitems]/"
[07:20:52] [Worker-Main-5/DEBUG] [END] Reloading Section: "reloadable-plugin/RecipeManagerContextImpl/DefaultPlugin [roughlyenoughitems]/" done in 96.20 μs
[07:20:52] [Worker-Main-5/DEBUG] [END] Reloading Section: "reloadable-plugin/RecipeManagerContextImpl/JEIExtraPlugin [roughlyenoughitems]/"
[07:20:52] [Worker-Main-5/DEBUG] [END] Reloading Section: "reloadable-plugin/RecipeManagerContextImpl/JEIExtraPlugin [roughlyenoughitems]/" done in 13.23 μs
[07:20:52] [Worker-Main-5/DEBUG] [END] Reloading Section: "reloadable-plugin/RecipeManagerContextImpl/DefaultRuntimePlugin [roughlyenoughitems]/"
[07:20:52] [Worker-Main-5/DEBUG] [END] Reloading Section: "reloadable-plugin/RecipeManagerContextImpl/DefaultRuntimePlugin [roughlyenoughitems]/" done in 13.35 μs
[07:20:52] [Worker-Main-5/DEBUG] [END] Reloading Section: "reloadable-plugin/RecipeManagerContextImpl/" done in 2.170 ms
[07:20:52] [Worker-Main-5/DEBUG] [END] Reloading Section: "reloadable-plugin/ItemComparatorRegistryImpl/"
[07:20:52] [Worker-Main-5/DEBUG] [END] Reloading Section: "reloadable-plugin/ItemComparatorRegistryImpl/DefaultPlugin [roughlyenoughitems]/"
[07:20:52] [Worker-Main-5/DEBUG] [END] Reloading Section: "reloadable-plugin/ItemComparatorRegistryImpl/DefaultPlugin [roughlyenoughitems]/" done in 95.13 μs
[07:20:52] [Worker-Main-5/DEBUG] [END] Reloading Section: "reloadable-plugin/ItemComparatorRegistryImpl/JEIExtraPlugin [roughlyenoughitems]/"
[07:20:52] [Worker-Main-5/DEBUG] [END] Reloading Section: "reloadable-plugin/ItemComparatorRegistryImpl/JEIExtraPlugin [roughlyenoughitems]/" done in 13.96 μs
[07:20:52] [Worker-Main-5/DEBUG] [END] Reloading Section: "reloadable-plugin/ItemComparatorRegistryImpl/DefaultRuntimePlugin [roughlyenoughitems]/"
[07:20:52] [Worker-Main-5/DEBUG] [END] Reloading Section: "reloadable-plugin/ItemComparatorRegistryImpl/DefaultRuntimePlugin [roughlyenoughitems]/" done in 95.04 μs
[07:20:52] [Worker-Main-5/DEBUG] [END] Reloading Section: "reloadable-plugin/ItemComparatorRegistryImpl/" done in 3.372 ms
[07:20:52] [Worker-Main-5/DEBUG] [END] Reloading Section: "reloadable-plugin/FluidComparatorRegistryImpl/"
[07:20:52] [Worker-Main-5/DEBUG] [END] Reloading Section: "reloadable-plugin/FluidComparatorRegistryImpl/DefaultPlugin [roughlyenoughitems]/"
[07:20:52] [Worker-Main-5/DEBUG] [END] Reloading Section: "reloadable-plugin/FluidComparatorRegistryImpl/DefaultPlugin [roughlyenoughitems]/" done in 95.36 μs
[07:20:52] [Worker-Main-5/DEBUG] [END] Reloading Section: "reloadable-plugin/FluidComparatorRegistryImpl/JEIExtraPlugin [roughlyenoughitems]/"
[07:20:52] [Worker-Main-5/DEBUG] [END] Reloading Section: "reloadable-plugin/FluidComparatorRegistryImpl/JEIExtraPlugin [roughlyenoughitems]/" done in 14.35 μs
[07:20:52] [Worker-Main-5/DEBUG] [END] Reloading Section: "reloadable-plugin/FluidComparatorRegistryImpl/DefaultRuntimePlugin [roughlyenoughitems]/"
[07:20:52] [Worker-Main-5/DEBUG] [END] Reloading Section: "reloadable-plugin/FluidComparatorRegistryImpl/DefaultRuntimePlugin [roughlyenoughitems]/" done in 91.36 μs
[07:20:52] [Worker-Main-5/DEBUG] [END] Reloading Section: "reloadable-plugin/FluidComparatorRegistryImpl/" done in 2.800 ms
[07:20:52] [Worker-Main-5/DEBUG] [END] Reloading Section: "reloadable-plugin/DisplaySerializerRegistryImpl/"
[07:20:52] [Worker-Main-5/DEBUG] [END] Reloading Section: "reloadable-plugin/DisplaySerializerRegistryImpl/DefaultPlugin [roughlyenoughitems]/"
[07:20:53] [Worker-Main-5/DEBUG] [END] Reloading Section: "reloadable-plugin/DisplaySerializerRegistryImpl/DefaultPlugin [roughlyenoughitems]/" done in 76.52 ms
[07:20:53] [Worker-Main-5/DEBUG] [END] Reloading Section: "reloadable-plugin/DisplaySerializerRegistryImpl/JEIExtraPlugin [roughlyenoughitems]/"
[07:20:53] [Worker-Main-5/DEBUG] [END] Reloading Section: "reloadable-plugin/DisplaySerializerRegistryImpl/JEIExtraPlugin [roughlyenoughitems]/" done in 33.15 μs
[07:20:53] [Worker-Main-5/DEBUG] [END] Reloading Section: "reloadable-plugin/DisplaySerializerRegistryImpl/DefaultRuntimePlugin [roughlyenoughitems]/"
[07:20:53] [Worker-Main-5/DEBUG] [END] Reloading Section: "reloadable-plugin/DisplaySerializerRegistryImpl/DefaultRuntimePlugin [roughlyenoughitems]/" done in 22.45 μs
[07:20:53] [Worker-Main-5/DEBUG] [END] Reloading Section: "reloadable-plugin/DisplaySerializerRegistryImpl/" done in 89.59 ms
[07:20:53] [Worker-Main-5/DEBUG] [END] Reloading Section: "reloadable-plugin/FluidSupportProviderImpl/"
[07:20:53] [Worker-Main-5/DEBUG] [END] Reloading Section: "reloadable-plugin/FluidSupportProviderImpl/DefaultPlugin [roughlyenoughitems]/"
[07:20:53] [Worker-Main-5/DEBUG] [END] Reloading Section: "reloadable-plugin/FluidSupportProviderImpl/DefaultPlugin [roughlyenoughitems]/" done in 20.77 μs
[07:20:53] [Worker-Main-5/DEBUG] [END] Reloading Section: "reloadable-plugin/FluidSupportProviderImpl/JEIExtraPlugin [roughlyenoughitems]/"
[07:20:53] [Worker-Main-5/DEBUG] [END] Reloading Section: "reloadable-plugin/FluidSupportProviderImpl/JEIExtraPlugin [roughlyenoughitems]/" done in 17.46 μs
[07:20:53] [Worker-Main-5/DEBUG] [END] Reloading Section: "reloadable-plugin/FluidSupportProviderImpl/DefaultRuntimePlugin [roughlyenoughitems]/"
[07:20:53] [Worker-Main-5/DEBUG] [END] Reloading Section: "reloadable-plugin/FluidSupportProviderImpl/DefaultRuntimePlugin [roughlyenoughitems]/" done in 15.73 μs
[07:20:53] [Worker-Main-5/DEBUG] [END] Reloading Section: "reloadable-plugin/FluidSupportProviderImpl/" done in 3.853 ms
[07:20:53] [Worker-Main-5/DEBUG] [END] Reloading Section: "end-reload/"
[07:20:53] [Worker-Main-5/DEBUG] [END] Reloading Section: "end-reload/EntryTypeRegistryImpl/"
[07:20:53] [Worker-Main-5/DEBUG] [END] Reloading Section: "end-reload/EntryTypeRegistryImpl/" done in 31.18 μs
[07:20:53] [Worker-Main-5/DEBUG] [END] Reloading Section: "end-reload/EntrySettingsAdapterRegistryImpl/"
[07:20:53] [Worker-Main-5/DEBUG] [END] Reloading Section: "end-reload/EntrySettingsAdapterRegistryImpl/" done in 98.10 μs
[07:20:53] [Worker-Main-5/DEBUG] [END] Reloading Section: "end-reload/RecipeManagerContextImpl/"
[07:20:53] [Worker-Main-5/DEBUG] [END] Reloading Section: "end-reload/RecipeManagerContextImpl/" done in 63.67 μs
[07:20:53] [Worker-Main-5/DEBUG] [END] Reloading Section: "end-reload/ItemComparatorRegistryImpl/"
[07:20:53] [Worker-Main-5/DEBUG] [END] Reloading Section: "end-reload/ItemComparatorRegistryImpl/" done in 94.74 μs
[07:20:53] [Worker-Main-5/DEBUG] [END] Reloading Section: "end-reload/FluidComparatorRegistryImpl/"
[07:20:53] [Worker-Main-5/DEBUG] [END] Reloading Section: "end-reload/FluidComparatorRegistryImpl/" done in 12.80 μs
[07:20:53] [Worker-Main-5/DEBUG] [END] Reloading Section: "end-reload/DisplaySerializerRegistryImpl/"
[07:20:53] [Worker-Main-5/DEBUG] [END] Reloading Section: "end-reload/DisplaySerializerRegistryImpl/" done in 95.28 μs
[07:20:53] [Worker-Main-5/DEBUG] [END] Reloading Section: "end-reload/FluidSupportProviderImpl/"
[07:20:53] [Worker-Main-5/DEBUG] [END] Reloading Section: "end-reload/FluidSupportProviderImpl/" done in 14.16 μs
[07:20:53] [Worker-Main-5/DEBUG] [END] Reloading Section: "end-reload/" done in 9.257 ms
[07:20:53] [Worker-Main-5/INFO] Reloaded Plugin Manager [REIPlugin] with 2 entry types, 5 item comparators, 0 fluid comparators and 2 fluid support providers in 129ms.
[07:20:53] [Worker-Main-5/DEBUG] [END] Reloading Section: "start-reload/"
[07:20:53] [Worker-Main-5/DEBUG] [END] Reloading Section: "start-reload/MenuInfoRegistryImpl/"
[07:20:53] [Worker-Main-5/DEBUG] [END] Reloading Section: "start-reload/MenuInfoRegistryImpl/" done in 36.16 μs
[07:20:53] [Worker-Main-5/DEBUG] [END] Reloading Section: "start-reload/" done in 5.840 ms
[07:20:53] [Worker-Main-5/INFO] Reloading Plugin Manager [REIServerPlugin] stage [END], registered 3 plugins: DefaultRuntimePlugin [roughlyenoughitems], JEIExtraPlugin [roughlyenoughitems], DefaultPlugin [roughlyenoughitems]
[07:20:53] [Worker-Main-5/DEBUG] [END] Reloading Section: "reloadable-plugin/MenuInfoRegistryImpl/"
[07:20:53] [Worker-Main-5/DEBUG] [END] Reloading Section: "reloadable-plugin/MenuInfoRegistryImpl/DefaultPlugin [roughlyenoughitems]/"
[07:20:53] [Worker-Main-5/DEBUG] [END] Reloading Section: "reloadable-plugin/MenuInfoRegistryImpl/DefaultPlugin [roughlyenoughitems]/" done in 28.70 ms
[07:20:53] [Worker-Main-5/DEBUG] [END] Reloading Section: "reloadable-plugin/MenuInfoRegistryImpl/JEIExtraPlugin [roughlyenoughitems]/"
[07:20:53] [Worker-Main-5/DEBUG] [END] Reloading Section: "reloadable-plugin/MenuInfoRegistryImpl/JEIExtraPlugin [roughlyenoughitems]/" done in 1.381 ms
[07:20:53] [Worker-Main-5/DEBUG] [END] Reloading Section: "reloadable-plugin/MenuInfoRegistryImpl/DefaultRuntimePlugin [roughlyenoughitems]/"
[07:20:53] [Worker-Main-5/DEBUG] [END] Reloading Section: "reloadable-plugin/MenuInfoRegistryImpl/DefaultRuntimePlugin [roughlyenoughitems]/" done in 17.92 μs
[07:20:53] [Worker-Main-5/DEBUG] [END] Reloading Section: "reloadable-plugin/MenuInfoRegistryImpl/" done in 31.62 ms
[07:20:53] [Worker-Main-5/DEBUG] [END] Reloading Section: "end-reload/"
[07:20:53] [Worker-Main-5/DEBUG] [END] Reloading Section: "end-reload/MenuInfoRegistryImpl/"
[07:20:53] [Worker-Main-5/DEBUG] [END] Reloading Section: "end-reload/MenuInfoRegistryImpl/" done in 12.74 μs
[07:20:53] [Worker-Main-5/DEBUG] [END] Reloading Section: "end-reload/" done in 156.1 μs
[07:20:53] [Worker-Main-5/INFO] Reloaded Plugin Manager [REIServerPlugin] with 5 menu infos in 48ms.
[07:20:53] [Worker-Main-5/DEBUG] [END] Reloading Section: "post-register/"
[07:20:53] [Worker-Main-5/DEBUG] [END] Reloading Section: "post-register/DefaultPlugin [roughlyenoughitems]/"
[07:20:53] [Worker-Main-5/DEBUG] [END] Reloading Section: "post-register/DefaultPlugin [roughlyenoughitems]/" done in 27.94 μs
[07:20:53] [Worker-Main-5/DEBUG] [END] Reloading Section: "post-register/JEIExtraPlugin [roughlyenoughitems]/"
[07:20:53] [Worker-Main-5/DEBUG] [END] Reloading Section: "post-register/JEIExtraPlugin [roughlyenoughitems]/" done in 14.63 μs
[07:20:53] [Worker-Main-5/DEBUG] [END] Reloading Section: "post-register/DefaultRuntimePlugin [roughlyenoughitems]/"
[07:20:53] [Worker-Main-5/DEBUG] [END] Reloading Section: "post-register/DefaultRuntimePlugin [roughlyenoughitems]/" done in 13.85 μs
[07:20:53] [Worker-Main-5/DEBUG] [END] Reloading Section: "post-register/" done in 614.7 μs
[07:20:53] [Worker-Main-5/DEBUG] [END] Reloading Section: "post-register/"
[07:20:53] [Worker-Main-5/DEBUG] [END] Reloading Section: "post-register/DefaultPlugin [roughlyenoughitems]/"
[07:20:53] [Worker-Main-5/DEBUG] [END] Reloading Section: "post-register/DefaultPlugin [roughlyenoughitems]/" done in 13.57 μs
[07:20:53] [Worker-Main-5/DEBUG] [END] Reloading Section: "post-register/JEIExtraPlugin [roughlyenoughitems]/"
[07:20:53] [Worker-Main-5/DEBUG] [END] Reloading Section: "post-register/JEIExtraPlugin [roughlyenoughitems]/" done in 12.01 μs
[07:20:53] [Worker-Main-5/DEBUG] [END] Reloading Section: "post-register/DefaultRuntimePlugin [roughlyenoughitems]/"
[07:20:53] [Worker-Main-5/DEBUG] [END] Reloading Section: "post-register/DefaultRuntimePlugin [roughlyenoughitems]/" done in 12.36 μs
[07:20:53] [Worker-Main-5/DEBUG] [END] Reloading Section: "post-register/" done in 523.1 μs
